ARM GAS  C:\Users\bernw\AppData\Local\Temp\ccqLoGgd.s 			page 1


   1              		.syntax unified
   2              		.cpu cortex-m3
   3              		.fpu softvfp
   4              		.eabi_attribute 20, 1
   5              		.eabi_attribute 21, 1
   6              		.eabi_attribute 23, 3
   7              		.eabi_attribute 24, 1
   8              		.eabi_attribute 25, 1
   9              		.eabi_attribute 26, 1
  10              		.eabi_attribute 30, 1
  11              		.eabi_attribute 34, 1
  12              		.eabi_attribute 18, 4
  13              		.thumb
  14              		.syntax unified
  15              		.file	"cymetadata.c"
  16              		.text
  17              	.Ltext0:
  18              		.cfi_sections	.debug_frame
  19              		.global	cy_metadata
  20              		.global	cy_meta_flashprotect
  21              		.global	cy_meta_wonvl
  22              		.global	cy_meta_custnvl
  23              		.global	cy_meta_configecc
  24              		.section	.cyconfigecc,"a",%progbits
  25              		.align	2
  26              		.type	cy_meta_configecc, %object
  27              		.size	cy_meta_configecc, 268
  28              	cy_meta_configecc:
  29 0000 01       		.byte	1
  30 0001 52       		.byte	82
  31 0002 00       		.byte	0
  32 0003 40       		.byte	64
  33 0004 01       		.byte	1
  34 0005 65       		.byte	101
  35 0006 00       		.byte	0
  36 0007 40       		.byte	64
  37 0008 01       		.byte	1
  38 0009 15       		.byte	21
  39 000a 01       		.byte	1
  40 000b 40       		.byte	64
  41 000c 27       		.byte	39
  42 000d 18       		.byte	24
  43 000e 01       		.byte	1
  44 000f 40       		.byte	64
  45 0010 18       		.byte	24
  46 0011 19       		.byte	25
  47 0012 01       		.byte	1
  48 0013 40       		.byte	64
  49 0014 02       		.byte	2
  50 0015 1B       		.byte	27
  51 0016 01       		.byte	1
  52 0017 40       		.byte	64
  53 0018 02       		.byte	2
  54 0019 40       		.byte	64
  55 001a 01       		.byte	1
  56 001b 40       		.byte	64
  57 001c 01       		.byte	1
ARM GAS  C:\Users\bernw\AppData\Local\Temp\ccqLoGgd.s 			page 2


  58 001d 41       		.byte	65
  59 001e 01       		.byte	1
  60 001f 40       		.byte	64
  61 0020 01       		.byte	1
  62 0021 42       		.byte	66
  63 0022 01       		.byte	1
  64 0023 40       		.byte	64
  65 0024 01       		.byte	1
  66 0025 43       		.byte	67
  67 0026 01       		.byte	1
  68 0027 40       		.byte	64
  69 0028 01       		.byte	1
  70 0029 48       		.byte	72
  71 002a 01       		.byte	1
  72 002b 40       		.byte	64
  73 002c 02       		.byte	2
  74 002d 49       		.byte	73
  75 002e 01       		.byte	1
  76 002f 40       		.byte	64
  77 0030 04       		.byte	4
  78 0031 4C       		.byte	76
  79 0032 01       		.byte	1
  80 0033 40       		.byte	64
  81 0034 03       		.byte	3
  82 0035 4D       		.byte	77
  83 0036 01       		.byte	1
  84 0037 40       		.byte	64
  85 0038 02       		.byte	2
  86 0039 50       		.byte	80
  87 003a 01       		.byte	1
  88 003b 40       		.byte	64
  89 003c 01       		.byte	1
  90 003d 51       		.byte	81
  91 003e 01       		.byte	1
  92 003f 40       		.byte	64
  93 0040 08       		.byte	8
  94 0041 80       		.byte	-128
  95 0042 89       		.byte	-119
  96 0043 0D       		.byte	13
  97 0044 EE       		.byte	-18
  98 0045 08       		.byte	8
  99 0046 83       		.byte	-125
 100 0047 01       		.byte	1
 101 0048 92       		.byte	-110
 102 0049 08       		.byte	8
 103 004a 94       		.byte	-108
 104 004b 01       		.byte	1
 105 004c 9A       		.byte	-102
 106 004d 04       		.byte	4
 107 004e A6       		.byte	-90
 108 004f 07       		.byte	7
 109 0050 AB       		.byte	-85
 110 0051 01       		.byte	1
 111 0052 B0       		.byte	-80
 112 0053 04       		.byte	4
 113 0054 B2       		.byte	-78
 114 0055 02       		.byte	2
ARM GAS  C:\Users\bernw\AppData\Local\Temp\ccqLoGgd.s 			page 3


 115 0056 B3       		.byte	-77
 116 0057 01       		.byte	1
 117 0058 B4       		.byte	-76
 118 0059 08       		.byte	8
 119 005a B6       		.byte	-74
 120 005b 01       		.byte	1
 121 005c BF       		.byte	-65
 122 005d 04       		.byte	4
 123 005e C0       		.byte	-64
 124 005f 60       		.byte	96
 125 0060 C1       		.byte	-63
 126 0061 04       		.byte	4
 127 0062 C5       		.byte	-59
 128 0063 D1       		.byte	-47
 129 0064 C7       		.byte	-57
 130 0065 20       		.byte	32
 131 0066 C8       		.byte	-56
 132 0067 23       		.byte	35
 133 0068 C9       		.byte	-55
 134 0069 FF       		.byte	-1
 135 006a CA       		.byte	-54
 136 006b FF       		.byte	-1
 137 006c CB       		.byte	-53
 138 006d FF       		.byte	-1
 139 006e CD       		.byte	-51
 140 006f A0       		.byte	-96
 141 0070 CF       		.byte	-49
 142 0071 04       		.byte	4
 143 0072 D0       		.byte	-48
 144 0073 18       		.byte	24
 145 0074 D2       		.byte	-46
 146 0075 80       		.byte	-128
 147 0076 D4       		.byte	-44
 148 0077 05       		.byte	5
 149 0078 D8       		.byte	-40
 150 0079 04       		.byte	4
 151 007a D9       		.byte	-39
 152 007b 04       		.byte	4
 153 007c DA       		.byte	-38
 154 007d 04       		.byte	4
 155 007e DB       		.byte	-37
 156 007f 04       		.byte	4
 157 0080 DF       		.byte	-33
 158 0081 01       		.byte	1
 159 0082 E0       		.byte	-32
 160 0083 40       		.byte	64
 161 0084 E2       		.byte	-30
 162 0085 C0       		.byte	-64
 163 0086 E4       		.byte	-28
 164 0087 40       		.byte	64
 165 0088 E5       		.byte	-27
 166 0089 40       		.byte	64
 167 008a E6       		.byte	-26
 168 008b C0       		.byte	-64
 169 008c E8       		.byte	-24
 170 008d C0       		.byte	-64
 171 008e EA       		.byte	-22
ARM GAS  C:\Users\bernw\AppData\Local\Temp\ccqLoGgd.s 			page 4


 172 008f C0       		.byte	-64
 173 0090 EC       		.byte	-20
 174 0091 C0       		.byte	-64
 175 0092 EE       		.byte	-18
 176 0093 C0       		.byte	-64
 177 0094 09       		.byte	9
 178 0095 02       		.byte	2
 179 0096 0A       		.byte	10
 180 0097 14       		.byte	20
 181 0098 10       		.byte	16
 182 0099 20       		.byte	32
 183 009a 18       		.byte	24
 184 009b 80       		.byte	-128
 185 009c 19       		.byte	25
 186 009d 60       		.byte	96
 187 009e 1A       		.byte	26
 188 009f 14       		.byte	20
 189 00a0 22       		.byte	34
 190 00a1 04       		.byte	4
 191 00a2 29       		.byte	41
 192 00a3 20       		.byte	32
 193 00a4 38       		.byte	56
 194 00a5 02       		.byte	2
 195 00a6 41       		.byte	65
 196 00a7 01       		.byte	1
 197 00a8 48       		.byte	72
 198 00a9 20       		.byte	32
 199 00aa 49       		.byte	73
 200 00ab 21       		.byte	33
 201 00ac 50       		.byte	80
 202 00ad 01       		.byte	1
 203 00ae 51       		.byte	81
 204 00af 01       		.byte	1
 205 00b0 59       		.byte	89
 206 00b1 41       		.byte	65
 207 00b2 5A       		.byte	90
 208 00b3 08       		.byte	8
 209 00b4 71       		.byte	113
 210 00b5 02       		.byte	2
 211 00b6 C2       		.byte	-62
 212 00b7 0E       		.byte	14
 213 00b8 C4       		.byte	-60
 214 00b9 04       		.byte	4
 215 00ba CA       		.byte	-54
 216 00bb 04       		.byte	4
 217 00bc CE       		.byte	-50
 218 00bd 01       		.byte	1
 219 00be D0       		.byte	-48
 220 00bf 01       		.byte	1
 221 00c0 D2       		.byte	-46
 222 00c1 04       		.byte	4
 223 00c2 D6       		.byte	-42
 224 00c3 0B       		.byte	11
 225 00c4 B4       		.byte	-76
 226 00c5 40       		.byte	64
 227 00c6 EE       		.byte	-18
 228 00c7 08       		.byte	8
ARM GAS  C:\Users\bernw\AppData\Local\Temp\ccqLoGgd.s 			page 5


 229 00c8 33       		.byte	51
 230 00c9 20       		.byte	32
 231 00ca CC       		.byte	-52
 232 00cb 10       		.byte	16
 233 00cc A7       		.byte	-89
 234 00cd 20       		.byte	32
 235 00ce A7       		.byte	-89
 236 00cf 20       		.byte	32
 237 00d0 A7       		.byte	-89
 238 00d1 20       		.byte	32
 239 00d2 A7       		.byte	-89
 240 00d3 20       		.byte	32
 241 00d4 AF       		.byte	-81
 242 00d5 20       		.byte	32
 243 00d6 EE       		.byte	-18
 244 00d7 10       		.byte	16
 245 00d8 1F       		.byte	31
 246 00d9 80       		.byte	-128
 247 00da 5C       		.byte	92
 248 00db 01       		.byte	1
 249 00dc C6       		.byte	-58
 250 00dd 01       		.byte	1
 251 00de D6       		.byte	-42
 252 00df 01       		.byte	1
 253 00e0 AF       		.byte	-81
 254 00e1 80       		.byte	-128
 255 00e2 B4       		.byte	-76
 256 00e3 01       		.byte	1
 257 00e4 EC       		.byte	-20
 258 00e5 08       		.byte	8
 259 00e6 10       		.byte	16
 260 00e7 01       		.byte	1
 261 00e8 1C       		.byte	28
 262 00e9 01       		.byte	1
 263 00ea 00       		.byte	0
 264 00eb 03       		.byte	3
 265 00ec 00       		.byte	0
 266 00ed 8B       		.byte	-117
 267 00ee 8B       		.byte	-117
 268 00ef 00       		.byte	0
 269 00f0 80       		.byte	-128
 270 00f1 00       		.byte	0
 271 00f2 00       		.byte	0
 272 00f3 00       		.byte	0
 273 00f4 04       		.byte	4
 274 00f5 00       		.byte	0
 275 00f6 00       		.byte	0
 276 00f7 06       		.byte	6
 277 00f8 02       		.byte	2
 278 00f9 00       		.byte	0
 279 00fa 00       		.byte	0
 280 00fb 00       		.byte	0
 281 00fc 00       		.byte	0
 282 00fd 00       		.byte	0
 283 00fe 00       		.byte	0
 284 00ff 00       		.byte	0
 285 0100 00       		.byte	0
ARM GAS  C:\Users\bernw\AppData\Local\Temp\ccqLoGgd.s 			page 6


 286 0101 00       		.byte	0
 287 0102 00       		.byte	0
 288 0103 00       		.byte	0
 289 0104 00       		.byte	0
 290 0105 00       		.byte	0
 291 0106 80       		.byte	-128
 292 0107 00       		.byte	0
 293 0108 0E       		.byte	14
 294 0109 00       		.byte	0
 295 010a 18       		.byte	24
 296 010b 01       		.byte	1
 297              		.section	.cywolatch,"a",%progbits
 298              		.align	2
 299              		.type	cy_meta_wonvl, %object
 300              		.size	cy_meta_wonvl, 4
 301              	cy_meta_wonvl:
 302 0000 BC       		.byte	-68
 303 0001 90       		.byte	-112
 304 0002 AC       		.byte	-84
 305 0003 AF       		.byte	-81
 306              		.section	.cycustnvl,"a",%progbits
 307              		.align	2
 308              		.type	cy_meta_custnvl, %object
 309              		.size	cy_meta_custnvl, 4
 310              	cy_meta_custnvl:
 311 0000 00       		.byte	0
 312 0001 00       		.byte	0
 313 0002 40       		.byte	64
 314 0003 05       		.byte	5
 315              		.section	.cymeta,"a",%progbits
 316              		.align	2
 317              		.type	cy_metadata, %object
 318              		.size	cy_metadata, 12
 319              	cy_metadata:
 320 0000 00       		.byte	0
 321 0001 01       		.byte	1
 322 0002 2E       		.byte	46
 323 0003 16       		.byte	22
 324 0004 10       		.byte	16
 325 0005 69       		.byte	105
 326 0006 00       		.byte	0
 327 0007 01       		.byte	1
 328 0008 00       		.byte	0
 329 0009 00       		.byte	0
 330 000a 00       		.byte	0
 331 000b 00       		.byte	0
 332              		.section	.cyflashprotect,"a",%progbits
 333              		.align	2
 334              		.type	cy_meta_flashprotect, %object
 335              		.size	cy_meta_flashprotect, 256
 336              	cy_meta_flashprotect:
 337 0000 00000000 		.space	256
 337      00000000 
 337      00000000 
 337      00000000 
 337      00000000 
 338              		.text
ARM GAS  C:\Users\bernw\AppData\Local\Temp\ccqLoGgd.s 			page 7


 339              	.Letext0:
 340              		.file 1 "c:\\program files (x86)\\cypress\\psoc creator\\4.2\\psoc creator\\import\\gnu\\arm\\5.4.
 341              		.file 2 "c:\\program files (x86)\\cypress\\psoc creator\\4.2\\psoc creator\\import\\gnu\\arm\\5.4.
 342              		.file 3 "Generated_Source\\PSoC5\\cymetadata.c"
 343              		.section	.debug_info,"",%progbits
 344              	.Ldebug_info0:
 345 0000 31010000 		.4byte	0x131
 346 0004 0400     		.2byte	0x4
 347 0006 00000000 		.4byte	.Ldebug_abbrev0
 348 000a 04       		.byte	0x4
 349 000b 01       		.uleb128 0x1
 350 000c 76000000 		.4byte	.LASF17
 351 0010 0C       		.byte	0xc
 352 0011 D0010000 		.4byte	.LASF18
 353 0015 16000000 		.4byte	.LASF19
 354 0019 00000000 		.4byte	.Ldebug_line0
 355 001d 02       		.uleb128 0x2
 356 001e 01       		.byte	0x1
 357 001f 06       		.byte	0x6
 358 0020 C4010000 		.4byte	.LASF0
 359 0024 03       		.uleb128 0x3
 360 0025 00000000 		.4byte	.LASF9
 361 0029 01       		.byte	0x1
 362 002a 1D       		.byte	0x1d
 363 002b 2F000000 		.4byte	0x2f
 364 002f 02       		.uleb128 0x2
 365 0030 01       		.byte	0x1
 366 0031 08       		.byte	0x8
 367 0032 68000000 		.4byte	.LASF1
 368 0036 02       		.uleb128 0x2
 369 0037 02       		.byte	0x2
 370 0038 05       		.byte	0x5
 371 0039 B1010000 		.4byte	.LASF2
 372 003d 02       		.uleb128 0x2
 373 003e 02       		.byte	0x2
 374 003f 07       		.byte	0x7
 375 0040 16010000 		.4byte	.LASF3
 376 0044 02       		.uleb128 0x2
 377 0045 04       		.byte	0x4
 378 0046 05       		.byte	0x5
 379 0047 BB010000 		.4byte	.LASF4
 380 004b 02       		.uleb128 0x2
 381 004c 04       		.byte	0x4
 382 004d 07       		.byte	0x7
 383 004e 04010000 		.4byte	.LASF5
 384 0052 02       		.uleb128 0x2
 385 0053 08       		.byte	0x8
 386 0054 05       		.byte	0x5
 387 0055 A3010000 		.4byte	.LASF6
 388 0059 02       		.uleb128 0x2
 389 005a 08       		.byte	0x8
 390 005b 07       		.byte	0x7
 391 005c 58010000 		.4byte	.LASF7
 392 0060 04       		.uleb128 0x4
 393 0061 04       		.byte	0x4
 394 0062 05       		.byte	0x5
 395 0063 696E7400 		.ascii	"int\000"
ARM GAS  C:\Users\bernw\AppData\Local\Temp\ccqLoGgd.s 			page 8


 396 0067 02       		.uleb128 0x2
 397 0068 04       		.byte	0x4
 398 0069 07       		.byte	0x7
 399 006a 4B010000 		.4byte	.LASF8
 400 006e 03       		.uleb128 0x3
 401 006f 6F010000 		.4byte	.LASF10
 402 0073 02       		.byte	0x2
 403 0074 18       		.byte	0x18
 404 0075 24000000 		.4byte	0x24
 405 0079 05       		.uleb128 0x5
 406 007a 91000000 		.4byte	0x91
 407 007e 8A000000 		.4byte	0x8a
 408 0082 06       		.uleb128 0x6
 409 0083 8A000000 		.4byte	0x8a
 410 0087 0B01     		.2byte	0x10b
 411 0089 00       		.byte	0
 412 008a 02       		.uleb128 0x2
 413 008b 04       		.byte	0x4
 414 008c 07       		.byte	0x7
 415 008d 9A010000 		.4byte	.LASF11
 416 0091 07       		.uleb128 0x7
 417 0092 6E000000 		.4byte	0x6e
 418 0096 08       		.uleb128 0x8
 419 0097 39010000 		.4byte	.LASF12
 420 009b 03       		.byte	0x3
 421 009c 1F       		.byte	0x1f
 422 009d A7000000 		.4byte	0xa7
 423 00a1 05       		.uleb128 0x5
 424 00a2 03       		.byte	0x3
 425 00a3 00000000 		.4byte	cy_meta_configecc
 426 00a7 07       		.uleb128 0x7
 427 00a8 79000000 		.4byte	0x79
 428 00ac 05       		.uleb128 0x5
 429 00ad 91000000 		.4byte	0x91
 430 00b1 BC000000 		.4byte	0xbc
 431 00b5 09       		.uleb128 0x9
 432 00b6 8A000000 		.4byte	0x8a
 433 00ba 03       		.byte	0x3
 434 00bb 00       		.byte	0
 435 00bc 08       		.uleb128 0x8
 436 00bd 29010000 		.4byte	.LASF13
 437 00c1 03       		.byte	0x3
 438 00c2 4E       		.byte	0x4e
 439 00c3 CD000000 		.4byte	0xcd
 440 00c7 05       		.uleb128 0x5
 441 00c8 03       		.byte	0x3
 442 00c9 00000000 		.4byte	cy_meta_custnvl
 443 00cd 07       		.uleb128 0x7
 444 00ce AC000000 		.4byte	0xac
 445 00d2 08       		.uleb128 0x8
 446 00d3 8C010000 		.4byte	.LASF14
 447 00d7 03       		.byte	0x3
 448 00d8 5C       		.byte	0x5c
 449 00d9 E3000000 		.4byte	0xe3
 450 00dd 05       		.uleb128 0x5
 451 00de 03       		.byte	0x3
 452 00df 00000000 		.4byte	cy_meta_wonvl
ARM GAS  C:\Users\bernw\AppData\Local\Temp\ccqLoGgd.s 			page 9


 453 00e3 07       		.uleb128 0x7
 454 00e4 AC000000 		.4byte	0xac
 455 00e8 05       		.uleb128 0x5
 456 00e9 91000000 		.4byte	0x91
 457 00ed F8000000 		.4byte	0xf8
 458 00f1 09       		.uleb128 0x9
 459 00f2 8A000000 		.4byte	0x8a
 460 00f6 FF       		.byte	0xff
 461 00f7 00       		.byte	0
 462 00f8 08       		.uleb128 0x8
 463 00f9 77010000 		.4byte	.LASF15
 464 00fd 03       		.byte	0x3
 465 00fe 6A       		.byte	0x6a
 466 00ff 09010000 		.4byte	0x109
 467 0103 05       		.uleb128 0x5
 468 0104 03       		.byte	0x3
 469 0105 00000000 		.4byte	cy_meta_flashprotect
 470 0109 07       		.uleb128 0x7
 471 010a E8000000 		.4byte	0xe8
 472 010e 05       		.uleb128 0x5
 473 010f 91000000 		.4byte	0x91
 474 0113 1E010000 		.4byte	0x11e
 475 0117 09       		.uleb128 0x9
 476 0118 8A000000 		.4byte	0x8a
 477 011c 0B       		.byte	0xb
 478 011d 00       		.byte	0
 479 011e 08       		.uleb128 0x8
 480 011f 0A000000 		.4byte	.LASF16
 481 0123 03       		.byte	0x3
 482 0124 97       		.byte	0x97
 483 0125 2F010000 		.4byte	0x12f
 484 0129 05       		.uleb128 0x5
 485 012a 03       		.byte	0x3
 486 012b 00000000 		.4byte	cy_metadata
 487 012f 07       		.uleb128 0x7
 488 0130 0E010000 		.4byte	0x10e
 489 0134 00       		.byte	0
 490              		.section	.debug_abbrev,"",%progbits
 491              	.Ldebug_abbrev0:
 492 0000 01       		.uleb128 0x1
 493 0001 11       		.uleb128 0x11
 494 0002 01       		.byte	0x1
 495 0003 25       		.uleb128 0x25
 496 0004 0E       		.uleb128 0xe
 497 0005 13       		.uleb128 0x13
 498 0006 0B       		.uleb128 0xb
 499 0007 03       		.uleb128 0x3
 500 0008 0E       		.uleb128 0xe
 501 0009 1B       		.uleb128 0x1b
 502 000a 0E       		.uleb128 0xe
 503 000b 10       		.uleb128 0x10
 504 000c 17       		.uleb128 0x17
 505 000d 00       		.byte	0
 506 000e 00       		.byte	0
 507 000f 02       		.uleb128 0x2
 508 0010 24       		.uleb128 0x24
 509 0011 00       		.byte	0
ARM GAS  C:\Users\bernw\AppData\Local\Temp\ccqLoGgd.s 			page 10


 510 0012 0B       		.uleb128 0xb
 511 0013 0B       		.uleb128 0xb
 512 0014 3E       		.uleb128 0x3e
 513 0015 0B       		.uleb128 0xb
 514 0016 03       		.uleb128 0x3
 515 0017 0E       		.uleb128 0xe
 516 0018 00       		.byte	0
 517 0019 00       		.byte	0
 518 001a 03       		.uleb128 0x3
 519 001b 16       		.uleb128 0x16
 520 001c 00       		.byte	0
 521 001d 03       		.uleb128 0x3
 522 001e 0E       		.uleb128 0xe
 523 001f 3A       		.uleb128 0x3a
 524 0020 0B       		.uleb128 0xb
 525 0021 3B       		.uleb128 0x3b
 526 0022 0B       		.uleb128 0xb
 527 0023 49       		.uleb128 0x49
 528 0024 13       		.uleb128 0x13
 529 0025 00       		.byte	0
 530 0026 00       		.byte	0
 531 0027 04       		.uleb128 0x4
 532 0028 24       		.uleb128 0x24
 533 0029 00       		.byte	0
 534 002a 0B       		.uleb128 0xb
 535 002b 0B       		.uleb128 0xb
 536 002c 3E       		.uleb128 0x3e
 537 002d 0B       		.uleb128 0xb
 538 002e 03       		.uleb128 0x3
 539 002f 08       		.uleb128 0x8
 540 0030 00       		.byte	0
 541 0031 00       		.byte	0
 542 0032 05       		.uleb128 0x5
 543 0033 01       		.uleb128 0x1
 544 0034 01       		.byte	0x1
 545 0035 49       		.uleb128 0x49
 546 0036 13       		.uleb128 0x13
 547 0037 01       		.uleb128 0x1
 548 0038 13       		.uleb128 0x13
 549 0039 00       		.byte	0
 550 003a 00       		.byte	0
 551 003b 06       		.uleb128 0x6
 552 003c 21       		.uleb128 0x21
 553 003d 00       		.byte	0
 554 003e 49       		.uleb128 0x49
 555 003f 13       		.uleb128 0x13
 556 0040 2F       		.uleb128 0x2f
 557 0041 05       		.uleb128 0x5
 558 0042 00       		.byte	0
 559 0043 00       		.byte	0
 560 0044 07       		.uleb128 0x7
 561 0045 26       		.uleb128 0x26
 562 0046 00       		.byte	0
 563 0047 49       		.uleb128 0x49
 564 0048 13       		.uleb128 0x13
 565 0049 00       		.byte	0
 566 004a 00       		.byte	0
ARM GAS  C:\Users\bernw\AppData\Local\Temp\ccqLoGgd.s 			page 11


 567 004b 08       		.uleb128 0x8
 568 004c 34       		.uleb128 0x34
 569 004d 00       		.byte	0
 570 004e 03       		.uleb128 0x3
 571 004f 0E       		.uleb128 0xe
 572 0050 3A       		.uleb128 0x3a
 573 0051 0B       		.uleb128 0xb
 574 0052 3B       		.uleb128 0x3b
 575 0053 0B       		.uleb128 0xb
 576 0054 49       		.uleb128 0x49
 577 0055 13       		.uleb128 0x13
 578 0056 3F       		.uleb128 0x3f
 579 0057 19       		.uleb128 0x19
 580 0058 02       		.uleb128 0x2
 581 0059 18       		.uleb128 0x18
 582 005a 00       		.byte	0
 583 005b 00       		.byte	0
 584 005c 09       		.uleb128 0x9
 585 005d 21       		.uleb128 0x21
 586 005e 00       		.byte	0
 587 005f 49       		.uleb128 0x49
 588 0060 13       		.uleb128 0x13
 589 0061 2F       		.uleb128 0x2f
 590 0062 0B       		.uleb128 0xb
 591 0063 00       		.byte	0
 592 0064 00       		.byte	0
 593 0065 00       		.byte	0
 594              		.section	.debug_aranges,"",%progbits
 595 0000 14000000 		.4byte	0x14
 596 0004 0200     		.2byte	0x2
 597 0006 00000000 		.4byte	.Ldebug_info0
 598 000a 04       		.byte	0x4
 599 000b 00       		.byte	0
 600 000c 0000     		.2byte	0
 601 000e 0000     		.2byte	0
 602 0010 00000000 		.4byte	0
 603 0014 00000000 		.4byte	0
 604              		.section	.debug_line,"",%progbits
 605              	.Ldebug_line0:
 606 0000 3D010000 		.section	.debug_str,"MS",%progbits,1
 606      02003701 
 606      00000201 
 606      FB0E0D00 
 606      01010101 
 607              	.LASF9:
 608 0000 5F5F7569 		.ascii	"__uint8_t\000"
 608      6E74385F 
 608      7400
 609              	.LASF16:
 610 000a 63795F6D 		.ascii	"cy_metadata\000"
 610      65746164 
 610      61746100 
 611              	.LASF19:
 612 0016 433A5C55 		.ascii	"C:\\Users\\bernw\\Documents\\PSoC Creator\\Remlicht"
 612      73657273 
 612      5C626572 
 612      6E775C44 
ARM GAS  C:\Users\bernw\AppData\Local\Temp\ccqLoGgd.s 			page 12


 612      6F63756D 
 613 0044 54656E74 		.ascii	"Tentamenv2\\RemlichtTentamenv2.cydsn\000"
 613      616D656E 
 613      76325C52 
 613      656D6C69 
 613      63687454 
 614              	.LASF1:
 615 0068 756E7369 		.ascii	"unsigned char\000"
 615      676E6564 
 615      20636861 
 615      7200
 616              	.LASF17:
 617 0076 474E5520 		.ascii	"GNU C11 5.4.1 20160609 (release) [ARM/embedded-5-br"
 617      43313120 
 617      352E342E 
 617      31203230 
 617      31363036 
 618 00a9 616E6368 		.ascii	"anch revision 237715] -mcpu=cortex-m3 -mthumb -g -O"
 618      20726576 
 618      6973696F 
 618      6E203233 
 618      37373135 
 619 00dc 67202D66 		.ascii	"g -ffunction-sections -ffat-lto-objects\000"
 619      66756E63 
 619      74696F6E 
 619      2D736563 
 619      74696F6E 
 620              	.LASF5:
 621 0104 6C6F6E67 		.ascii	"long unsigned int\000"
 621      20756E73 
 621      69676E65 
 621      6420696E 
 621      7400
 622              	.LASF3:
 623 0116 73686F72 		.ascii	"short unsigned int\000"
 623      7420756E 
 623      7369676E 
 623      65642069 
 623      6E7400
 624              	.LASF13:
 625 0129 63795F6D 		.ascii	"cy_meta_custnvl\000"
 625      6574615F 
 625      63757374 
 625      6E766C00 
 626              	.LASF12:
 627 0139 63795F6D 		.ascii	"cy_meta_configecc\000"
 627      6574615F 
 627      636F6E66 
 627      69676563 
 627      6300
 628              	.LASF8:
 629 014b 756E7369 		.ascii	"unsigned int\000"
 629      676E6564 
 629      20696E74 
 629      00
 630              	.LASF7:
 631 0158 6C6F6E67 		.ascii	"long long unsigned int\000"
ARM GAS  C:\Users\bernw\AppData\Local\Temp\ccqLoGgd.s 			page 13


 631      206C6F6E 
 631      6720756E 
 631      7369676E 
 631      65642069 
 632              	.LASF10:
 633 016f 75696E74 		.ascii	"uint8_t\000"
 633      385F7400 
 634              	.LASF15:
 635 0177 63795F6D 		.ascii	"cy_meta_flashprotect\000"
 635      6574615F 
 635      666C6173 
 635      6870726F 
 635      74656374 
 636              	.LASF14:
 637 018c 63795F6D 		.ascii	"cy_meta_wonvl\000"
 637      6574615F 
 637      776F6E76 
 637      6C00
 638              	.LASF11:
 639 019a 73697A65 		.ascii	"sizetype\000"
 639      74797065 
 639      00
 640              	.LASF6:
 641 01a3 6C6F6E67 		.ascii	"long long int\000"
 641      206C6F6E 
 641      6720696E 
 641      7400
 642              	.LASF2:
 643 01b1 73686F72 		.ascii	"short int\000"
 643      7420696E 
 643      7400
 644              	.LASF4:
 645 01bb 6C6F6E67 		.ascii	"long int\000"
 645      20696E74 
 645      00
 646              	.LASF0:
 647 01c4 7369676E 		.ascii	"signed char\000"
 647      65642063 
 647      68617200 
 648              	.LASF18:
 649 01d0 47656E65 		.ascii	"Generated_Source\\PSoC5\\cymetadata.c\000"
 649      72617465 
 649      645F536F 
 649      75726365 
 649      5C50536F 
 650              		.ident	"GCC: (GNU Tools for ARM Embedded Processors) 5.4.1 20160609 (release) [ARM/embedded-5-bran
