ARM GAS  C:\Users\bernw\AppData\Local\Temp\cc0pGa6j.s 			page 1


   1              		.syntax unified
   2              		.cpu cortex-m3
   3              		.fpu softvfp
   4              		.eabi_attribute 20, 1
   5              		.eabi_attribute 21, 1
   6              		.eabi_attribute 23, 3
   7              		.eabi_attribute 24, 1
   8              		.eabi_attribute 25, 1
   9              		.eabi_attribute 26, 1
  10              		.eabi_attribute 30, 1
  11              		.eabi_attribute 34, 1
  12              		.eabi_attribute 18, 4
  13              		.thumb
  14              		.syntax unified
  15              		.file	"cymetadata.c"
  16              		.text
  17              	.Ltext0:
  18              		.cfi_sections	.debug_frame
  19              		.global	cy_metadata
  20              		.global	cy_meta_flashprotect
  21              		.global	cy_meta_wonvl
  22              		.global	cy_meta_custnvl
  23              		.global	cy_meta_configecc
  24              		.section	.cyconfigecc,"a",%progbits
  25              		.align	2
  26              		.type	cy_meta_configecc, %object
  27              		.size	cy_meta_configecc, 256
  28              	cy_meta_configecc:
  29 0000 01       		.byte	1
  30 0001 64       		.byte	100
  31 0002 00       		.byte	0
  32 0003 40       		.byte	64
  33 0004 01       		.byte	1
  34 0005 07       		.byte	7
  35 0006 01       		.byte	1
  36 0007 40       		.byte	64
  37 0008 01       		.byte	1
  38 0009 09       		.byte	9
  39 000a 01       		.byte	1
  40 000b 40       		.byte	64
  41 000c 01       		.byte	1
  42 000d 0B       		.byte	11
  43 000e 01       		.byte	1
  44 000f 40       		.byte	64
  45 0010 27       		.byte	39
  46 0011 0C       		.byte	12
  47 0012 01       		.byte	1
  48 0013 40       		.byte	64
  49 0014 18       		.byte	24
  50 0015 0D       		.byte	13
  51 0016 01       		.byte	1
  52 0017 40       		.byte	64
  53 0018 02       		.byte	2
  54 0019 40       		.byte	64
  55 001a 01       		.byte	1
  56 001b 40       		.byte	64
  57 001c 01       		.byte	1
ARM GAS  C:\Users\bernw\AppData\Local\Temp\cc0pGa6j.s 			page 2


  58 001d 41       		.byte	65
  59 001e 01       		.byte	1
  60 001f 40       		.byte	64
  61 0020 01       		.byte	1
  62 0021 42       		.byte	66
  63 0022 01       		.byte	1
  64 0023 40       		.byte	64
  65 0024 02       		.byte	2
  66 0025 43       		.byte	67
  67 0026 01       		.byte	1
  68 0027 40       		.byte	64
  69 0028 02       		.byte	2
  70 0029 45       		.byte	69
  71 002a 01       		.byte	1
  72 002b 40       		.byte	64
  73 002c 04       		.byte	4
  74 002d 46       		.byte	70
  75 002e 01       		.byte	1
  76 002f 40       		.byte	64
  77 0030 01       		.byte	1
  78 0031 47       		.byte	71
  79 0032 01       		.byte	1
  80 0033 40       		.byte	64
  81 0034 02       		.byte	2
  82 0035 50       		.byte	80
  83 0036 01       		.byte	1
  84 0037 40       		.byte	64
  85 0038 01       		.byte	1
  86 0039 51       		.byte	81
  87 003a 01       		.byte	1
  88 003b 40       		.byte	64
  89 003c 8D       		.byte	-115
  90 003d 0D       		.byte	13
  91 003e EE       		.byte	-18
  92 003f 04       		.byte	4
  93 0040 EE       		.byte	-18
  94 0041 04       		.byte	4
  95 0042 B3       		.byte	-77
  96 0043 08       		.byte	8
  97 0044 83       		.byte	-125
  98 0045 01       		.byte	1
  99 0046 92       		.byte	-110
 100 0047 08       		.byte	8
 101 0048 9A       		.byte	-102
 102 0049 04       		.byte	4
 103 004a 9C       		.byte	-100
 104 004b 01       		.byte	1
 105 004c A6       		.byte	-90
 106 004d 07       		.byte	7
 107 004e AB       		.byte	-85
 108 004f 01       		.byte	1
 109 0050 B0       		.byte	-80
 110 0051 01       		.byte	1
 111 0052 B2       		.byte	-78
 112 0053 04       		.byte	4
 113 0054 B3       		.byte	-77
 114 0055 01       		.byte	1
ARM GAS  C:\Users\bernw\AppData\Local\Temp\cc0pGa6j.s 			page 3


 115 0056 B4       		.byte	-76
 116 0057 08       		.byte	8
 117 0058 B6       		.byte	-74
 118 0059 02       		.byte	2
 119 005a BF       		.byte	-65
 120 005b 04       		.byte	4
 121 005c C0       		.byte	-64
 122 005d 60       		.byte	96
 123 005e C1       		.byte	-63
 124 005f 04       		.byte	4
 125 0060 C5       		.byte	-59
 126 0061 D1       		.byte	-47
 127 0062 C7       		.byte	-57
 128 0063 20       		.byte	32
 129 0064 C8       		.byte	-56
 130 0065 23       		.byte	35
 131 0066 C9       		.byte	-55
 132 0067 FF       		.byte	-1
 133 0068 CA       		.byte	-54
 134 0069 FF       		.byte	-1
 135 006a CB       		.byte	-53
 136 006b FF       		.byte	-1
 137 006c CD       		.byte	-51
 138 006d A0       		.byte	-96
 139 006e CF       		.byte	-49
 140 006f 04       		.byte	4
 141 0070 D0       		.byte	-48
 142 0071 18       		.byte	24
 143 0072 D2       		.byte	-46
 144 0073 80       		.byte	-128
 145 0074 D4       		.byte	-44
 146 0075 05       		.byte	5
 147 0076 D8       		.byte	-40
 148 0077 04       		.byte	4
 149 0078 D9       		.byte	-39
 150 0079 04       		.byte	4
 151 007a DA       		.byte	-38
 152 007b 04       		.byte	4
 153 007c DB       		.byte	-37
 154 007d 04       		.byte	4
 155 007e DF       		.byte	-33
 156 007f 01       		.byte	1
 157 0080 E0       		.byte	-32
 158 0081 40       		.byte	64
 159 0082 E2       		.byte	-30
 160 0083 C0       		.byte	-64
 161 0084 E4       		.byte	-28
 162 0085 40       		.byte	64
 163 0086 E5       		.byte	-27
 164 0087 40       		.byte	64
 165 0088 E6       		.byte	-26
 166 0089 C0       		.byte	-64
 167 008a E8       		.byte	-24
 168 008b C0       		.byte	-64
 169 008c EA       		.byte	-22
 170 008d C0       		.byte	-64
 171 008e EC       		.byte	-20
ARM GAS  C:\Users\bernw\AppData\Local\Temp\cc0pGa6j.s 			page 4


 172 008f C0       		.byte	-64
 173 0090 EE       		.byte	-18
 174 0091 C0       		.byte	-64
 175 0092 09       		.byte	9
 176 0093 02       		.byte	2
 177 0094 0A       		.byte	10
 178 0095 05       		.byte	5
 179 0096 10       		.byte	16
 180 0097 20       		.byte	32
 181 0098 19       		.byte	25
 182 0099 20       		.byte	32
 183 009a 1A       		.byte	26
 184 009b 45       		.byte	69
 185 009c 1B       		.byte	27
 186 009d 08       		.byte	8
 187 009e 22       		.byte	34
 188 009f 04       		.byte	4
 189 00a0 29       		.byte	41
 190 00a1 20       		.byte	32
 191 00a2 38       		.byte	56
 192 00a3 02       		.byte	2
 193 00a4 41       		.byte	65
 194 00a5 01       		.byte	1
 195 00a6 48       		.byte	72
 196 00a7 20       		.byte	32
 197 00a8 49       		.byte	73
 198 00a9 21       		.byte	33
 199 00aa 50       		.byte	80
 200 00ab 01       		.byte	1
 201 00ac 51       		.byte	81
 202 00ad 01       		.byte	1
 203 00ae 59       		.byte	89
 204 00af 01       		.byte	1
 205 00b0 5A       		.byte	90
 206 00b1 48       		.byte	72
 207 00b2 71       		.byte	113
 208 00b3 02       		.byte	2
 209 00b4 C2       		.byte	-62
 210 00b5 0B       		.byte	11
 211 00b6 C4       		.byte	-60
 212 00b7 04       		.byte	4
 213 00b8 CA       		.byte	-54
 214 00b9 04       		.byte	4
 215 00ba CE       		.byte	-50
 216 00bb 01       		.byte	1
 217 00bc D0       		.byte	-48
 218 00bd 01       		.byte	1
 219 00be D2       		.byte	-46
 220 00bf 04       		.byte	4
 221 00c0 D6       		.byte	-42
 222 00c1 0B       		.byte	11
 223 00c2 33       		.byte	51
 224 00c3 20       		.byte	32
 225 00c4 CC       		.byte	-52
 226 00c5 10       		.byte	16
 227 00c6 A7       		.byte	-89
 228 00c7 20       		.byte	32
ARM GAS  C:\Users\bernw\AppData\Local\Temp\cc0pGa6j.s 			page 5


 229 00c8 A7       		.byte	-89
 230 00c9 20       		.byte	32
 231 00ca AB       		.byte	-85
 232 00cb 20       		.byte	32
 233 00cc EE       		.byte	-18
 234 00cd 20       		.byte	32
 235 00ce 53       		.byte	83
 236 00cf 10       		.byte	16
 237 00d0 D4       		.byte	-44
 238 00d1 04       		.byte	4
 239 00d2 1B       		.byte	27
 240 00d3 04       		.byte	4
 241 00d4 B3       		.byte	-77
 242 00d5 10       		.byte	16
 243 00d6 C6       		.byte	-58
 244 00d7 08       		.byte	8
 245 00d8 E8       		.byte	-24
 246 00d9 04       		.byte	4
 247 00da AB       		.byte	-85
 248 00db 04       		.byte	4
 249 00dc 00       		.byte	0
 250 00dd 01       		.byte	1
 251 00de 0E       		.byte	14
 252 00df 01       		.byte	1
 253 00e0 00       		.byte	0
 254 00e1 03       		.byte	3
 255 00e2 00       		.byte	0
 256 00e3 00       		.byte	0
 257 00e4 00       		.byte	0
 258 00e5 00       		.byte	0
 259 00e6 00       		.byte	0
 260 00e7 00       		.byte	0
 261 00e8 00       		.byte	0
 262 00e9 00       		.byte	0
 263 00ea 04       		.byte	4
 264 00eb 00       		.byte	0
 265 00ec 00       		.byte	0
 266 00ed EB       		.byte	-21
 267 00ee EB       		.byte	-21
 268 00ef 00       		.byte	0
 269 00f0 00       		.byte	0
 270 00f1 00       		.byte	0
 271 00f2 00       		.byte	0
 272 00f3 00       		.byte	0
 273 00f4 00       		.byte	0
 274 00f5 01       		.byte	1
 275 00f6 01       		.byte	1
 276 00f7 00       		.byte	0
 277 00f8 01       		.byte	1
 278 00f9 00       		.byte	0
 279 00fa 00       		.byte	0
 280 00fb 00       		.byte	0
 281 00fc 13       		.byte	19
 282 00fd 00       		.byte	0
 283 00fe 18       		.byte	24
 284 00ff 01       		.byte	1
 285              		.section	.cywolatch,"a",%progbits
ARM GAS  C:\Users\bernw\AppData\Local\Temp\cc0pGa6j.s 			page 6


 286              		.align	2
 287              		.type	cy_meta_wonvl, %object
 288              		.size	cy_meta_wonvl, 4
 289              	cy_meta_wonvl:
 290 0000 BC       		.byte	-68
 291 0001 90       		.byte	-112
 292 0002 AC       		.byte	-84
 293 0003 AF       		.byte	-81
 294              		.section	.cycustnvl,"a",%progbits
 295              		.align	2
 296              		.type	cy_meta_custnvl, %object
 297              		.size	cy_meta_custnvl, 4
 298              	cy_meta_custnvl:
 299 0000 00       		.byte	0
 300 0001 00       		.byte	0
 301 0002 40       		.byte	64
 302 0003 05       		.byte	5
 303              		.section	.cymeta,"a",%progbits
 304              		.align	2
 305              		.type	cy_metadata, %object
 306              		.size	cy_metadata, 12
 307              	cy_metadata:
 308 0000 00       		.byte	0
 309 0001 01       		.byte	1
 310 0002 2E       		.byte	46
 311 0003 16       		.byte	22
 312 0004 10       		.byte	16
 313 0005 69       		.byte	105
 314 0006 00       		.byte	0
 315 0007 01       		.byte	1
 316 0008 00       		.byte	0
 317 0009 00       		.byte	0
 318 000a 00       		.byte	0
 319 000b 00       		.byte	0
 320              		.section	.cyflashprotect,"a",%progbits
 321              		.align	2
 322              		.type	cy_meta_flashprotect, %object
 323              		.size	cy_meta_flashprotect, 256
 324              	cy_meta_flashprotect:
 325 0000 00000000 		.space	256
 325      00000000 
 325      00000000 
 325      00000000 
 325      00000000 
 326              		.text
 327              	.Letext0:
 328              		.file 1 "c:\\program files (x86)\\cypress\\psoc creator\\4.2\\psoc creator\\import\\gnu\\arm\\5.4.
 329              		.file 2 "c:\\program files (x86)\\cypress\\psoc creator\\4.2\\psoc creator\\import\\gnu\\arm\\5.4.
 330              		.file 3 "Generated_Source\\PSoC5\\cymetadata.c"
 331              		.section	.debug_info,"",%progbits
 332              	.Ldebug_info0:
 333 0000 20010000 		.4byte	0x120
 334 0004 0400     		.2byte	0x4
 335 0006 00000000 		.4byte	.Ldebug_abbrev0
 336 000a 04       		.byte	0x4
 337 000b 01       		.uleb128 0x1
 338 000c 24000000 		.4byte	.LASF17
ARM GAS  C:\Users\bernw\AppData\Local\Temp\cc0pGa6j.s 			page 7


 339 0010 0C       		.byte	0xc
 340 0011 CA010000 		.4byte	.LASF18
 341 0015 25010000 		.4byte	.LASF19
 342 0019 00000000 		.4byte	.Ldebug_line0
 343 001d 02       		.uleb128 0x2
 344 001e 01       		.byte	0x1
 345 001f 06       		.byte	0x6
 346 0020 BE010000 		.4byte	.LASF0
 347 0024 03       		.uleb128 0x3
 348 0025 00000000 		.4byte	.LASF9
 349 0029 01       		.byte	0x1
 350 002a 1D       		.byte	0x1d
 351 002b 2F000000 		.4byte	0x2f
 352 002f 02       		.uleb128 0x2
 353 0030 01       		.byte	0x1
 354 0031 08       		.byte	0x8
 355 0032 16000000 		.4byte	.LASF1
 356 0036 02       		.uleb128 0x2
 357 0037 02       		.byte	0x2
 358 0038 05       		.byte	0x5
 359 0039 AB010000 		.4byte	.LASF2
 360 003d 02       		.uleb128 0x2
 361 003e 02       		.byte	0x2
 362 003f 07       		.byte	0x7
 363 0040 C4000000 		.4byte	.LASF3
 364 0044 02       		.uleb128 0x2
 365 0045 04       		.byte	0x4
 366 0046 05       		.byte	0x5
 367 0047 B5010000 		.4byte	.LASF4
 368 004b 02       		.uleb128 0x2
 369 004c 04       		.byte	0x4
 370 004d 07       		.byte	0x7
 371 004e B2000000 		.4byte	.LASF5
 372 0052 02       		.uleb128 0x2
 373 0053 08       		.byte	0x8
 374 0054 05       		.byte	0x5
 375 0055 9D010000 		.4byte	.LASF6
 376 0059 02       		.uleb128 0x2
 377 005a 08       		.byte	0x8
 378 005b 07       		.byte	0x7
 379 005c 06010000 		.4byte	.LASF7
 380 0060 04       		.uleb128 0x4
 381 0061 04       		.byte	0x4
 382 0062 05       		.byte	0x5
 383 0063 696E7400 		.ascii	"int\000"
 384 0067 02       		.uleb128 0x2
 385 0068 04       		.byte	0x4
 386 0069 07       		.byte	0x7
 387 006a F9000000 		.4byte	.LASF8
 388 006e 03       		.uleb128 0x3
 389 006f 1D010000 		.4byte	.LASF10
 390 0073 02       		.byte	0x2
 391 0074 18       		.byte	0x18
 392 0075 24000000 		.4byte	0x24
 393 0079 05       		.uleb128 0x5
 394 007a 90000000 		.4byte	0x90
 395 007e 89000000 		.4byte	0x89
ARM GAS  C:\Users\bernw\AppData\Local\Temp\cc0pGa6j.s 			page 8


 396 0082 06       		.uleb128 0x6
 397 0083 89000000 		.4byte	0x89
 398 0087 FF       		.byte	0xff
 399 0088 00       		.byte	0
 400 0089 02       		.uleb128 0x2
 401 008a 04       		.byte	0x4
 402 008b 07       		.byte	0x7
 403 008c 94010000 		.4byte	.LASF11
 404 0090 07       		.uleb128 0x7
 405 0091 6E000000 		.4byte	0x6e
 406 0095 08       		.uleb128 0x8
 407 0096 E7000000 		.4byte	.LASF12
 408 009a 03       		.byte	0x3
 409 009b 1F       		.byte	0x1f
 410 009c A6000000 		.4byte	0xa6
 411 00a0 05       		.uleb128 0x5
 412 00a1 03       		.byte	0x3
 413 00a2 00000000 		.4byte	cy_meta_configecc
 414 00a6 07       		.uleb128 0x7
 415 00a7 79000000 		.4byte	0x79
 416 00ab 05       		.uleb128 0x5
 417 00ac 90000000 		.4byte	0x90
 418 00b0 BB000000 		.4byte	0xbb
 419 00b4 06       		.uleb128 0x6
 420 00b5 89000000 		.4byte	0x89
 421 00b9 03       		.byte	0x3
 422 00ba 00       		.byte	0
 423 00bb 08       		.uleb128 0x8
 424 00bc D7000000 		.4byte	.LASF13
 425 00c0 03       		.byte	0x3
 426 00c1 4C       		.byte	0x4c
 427 00c2 CC000000 		.4byte	0xcc
 428 00c6 05       		.uleb128 0x5
 429 00c7 03       		.byte	0x3
 430 00c8 00000000 		.4byte	cy_meta_custnvl
 431 00cc 07       		.uleb128 0x7
 432 00cd AB000000 		.4byte	0xab
 433 00d1 08       		.uleb128 0x8
 434 00d2 86010000 		.4byte	.LASF14
 435 00d6 03       		.byte	0x3
 436 00d7 5A       		.byte	0x5a
 437 00d8 E2000000 		.4byte	0xe2
 438 00dc 05       		.uleb128 0x5
 439 00dd 03       		.byte	0x3
 440 00de 00000000 		.4byte	cy_meta_wonvl
 441 00e2 07       		.uleb128 0x7
 442 00e3 AB000000 		.4byte	0xab
 443 00e7 08       		.uleb128 0x8
 444 00e8 71010000 		.4byte	.LASF15
 445 00ec 03       		.byte	0x3
 446 00ed 68       		.byte	0x68
 447 00ee F8000000 		.4byte	0xf8
 448 00f2 05       		.uleb128 0x5
 449 00f3 03       		.byte	0x3
 450 00f4 00000000 		.4byte	cy_meta_flashprotect
 451 00f8 07       		.uleb128 0x7
 452 00f9 79000000 		.4byte	0x79
ARM GAS  C:\Users\bernw\AppData\Local\Temp\cc0pGa6j.s 			page 9


 453 00fd 05       		.uleb128 0x5
 454 00fe 90000000 		.4byte	0x90
 455 0102 0D010000 		.4byte	0x10d
 456 0106 06       		.uleb128 0x6
 457 0107 89000000 		.4byte	0x89
 458 010b 0B       		.byte	0xb
 459 010c 00       		.byte	0
 460 010d 08       		.uleb128 0x8
 461 010e 0A000000 		.4byte	.LASF16
 462 0112 03       		.byte	0x3
 463 0113 95       		.byte	0x95
 464 0114 1E010000 		.4byte	0x11e
 465 0118 05       		.uleb128 0x5
 466 0119 03       		.byte	0x3
 467 011a 00000000 		.4byte	cy_metadata
 468 011e 07       		.uleb128 0x7
 469 011f FD000000 		.4byte	0xfd
 470 0123 00       		.byte	0
 471              		.section	.debug_abbrev,"",%progbits
 472              	.Ldebug_abbrev0:
 473 0000 01       		.uleb128 0x1
 474 0001 11       		.uleb128 0x11
 475 0002 01       		.byte	0x1
 476 0003 25       		.uleb128 0x25
 477 0004 0E       		.uleb128 0xe
 478 0005 13       		.uleb128 0x13
 479 0006 0B       		.uleb128 0xb
 480 0007 03       		.uleb128 0x3
 481 0008 0E       		.uleb128 0xe
 482 0009 1B       		.uleb128 0x1b
 483 000a 0E       		.uleb128 0xe
 484 000b 10       		.uleb128 0x10
 485 000c 17       		.uleb128 0x17
 486 000d 00       		.byte	0
 487 000e 00       		.byte	0
 488 000f 02       		.uleb128 0x2
 489 0010 24       		.uleb128 0x24
 490 0011 00       		.byte	0
 491 0012 0B       		.uleb128 0xb
 492 0013 0B       		.uleb128 0xb
 493 0014 3E       		.uleb128 0x3e
 494 0015 0B       		.uleb128 0xb
 495 0016 03       		.uleb128 0x3
 496 0017 0E       		.uleb128 0xe
 497 0018 00       		.byte	0
 498 0019 00       		.byte	0
 499 001a 03       		.uleb128 0x3
 500 001b 16       		.uleb128 0x16
 501 001c 00       		.byte	0
 502 001d 03       		.uleb128 0x3
 503 001e 0E       		.uleb128 0xe
 504 001f 3A       		.uleb128 0x3a
 505 0020 0B       		.uleb128 0xb
 506 0021 3B       		.uleb128 0x3b
 507 0022 0B       		.uleb128 0xb
 508 0023 49       		.uleb128 0x49
 509 0024 13       		.uleb128 0x13
ARM GAS  C:\Users\bernw\AppData\Local\Temp\cc0pGa6j.s 			page 10


 510 0025 00       		.byte	0
 511 0026 00       		.byte	0
 512 0027 04       		.uleb128 0x4
 513 0028 24       		.uleb128 0x24
 514 0029 00       		.byte	0
 515 002a 0B       		.uleb128 0xb
 516 002b 0B       		.uleb128 0xb
 517 002c 3E       		.uleb128 0x3e
 518 002d 0B       		.uleb128 0xb
 519 002e 03       		.uleb128 0x3
 520 002f 08       		.uleb128 0x8
 521 0030 00       		.byte	0
 522 0031 00       		.byte	0
 523 0032 05       		.uleb128 0x5
 524 0033 01       		.uleb128 0x1
 525 0034 01       		.byte	0x1
 526 0035 49       		.uleb128 0x49
 527 0036 13       		.uleb128 0x13
 528 0037 01       		.uleb128 0x1
 529 0038 13       		.uleb128 0x13
 530 0039 00       		.byte	0
 531 003a 00       		.byte	0
 532 003b 06       		.uleb128 0x6
 533 003c 21       		.uleb128 0x21
 534 003d 00       		.byte	0
 535 003e 49       		.uleb128 0x49
 536 003f 13       		.uleb128 0x13
 537 0040 2F       		.uleb128 0x2f
 538 0041 0B       		.uleb128 0xb
 539 0042 00       		.byte	0
 540 0043 00       		.byte	0
 541 0044 07       		.uleb128 0x7
 542 0045 26       		.uleb128 0x26
 543 0046 00       		.byte	0
 544 0047 49       		.uleb128 0x49
 545 0048 13       		.uleb128 0x13
 546 0049 00       		.byte	0
 547 004a 00       		.byte	0
 548 004b 08       		.uleb128 0x8
 549 004c 34       		.uleb128 0x34
 550 004d 00       		.byte	0
 551 004e 03       		.uleb128 0x3
 552 004f 0E       		.uleb128 0xe
 553 0050 3A       		.uleb128 0x3a
 554 0051 0B       		.uleb128 0xb
 555 0052 3B       		.uleb128 0x3b
 556 0053 0B       		.uleb128 0xb
 557 0054 49       		.uleb128 0x49
 558 0055 13       		.uleb128 0x13
 559 0056 3F       		.uleb128 0x3f
 560 0057 19       		.uleb128 0x19
 561 0058 02       		.uleb128 0x2
 562 0059 18       		.uleb128 0x18
 563 005a 00       		.byte	0
 564 005b 00       		.byte	0
 565 005c 00       		.byte	0
 566              		.section	.debug_aranges,"",%progbits
ARM GAS  C:\Users\bernw\AppData\Local\Temp\cc0pGa6j.s 			page 11


 567 0000 14000000 		.4byte	0x14
 568 0004 0200     		.2byte	0x2
 569 0006 00000000 		.4byte	.Ldebug_info0
 570 000a 04       		.byte	0x4
 571 000b 00       		.byte	0
 572 000c 0000     		.2byte	0
 573 000e 0000     		.2byte	0
 574 0010 00000000 		.4byte	0
 575 0014 00000000 		.4byte	0
 576              		.section	.debug_line,"",%progbits
 577              	.Ldebug_line0:
 578 0000 3D010000 		.section	.debug_str,"MS",%progbits,1
 578      02003701 
 578      00000201 
 578      FB0E0D00 
 578      01010101 
 579              	.LASF9:
 580 0000 5F5F7569 		.ascii	"__uint8_t\000"
 580      6E74385F 
 580      7400
 581              	.LASF16:
 582 000a 63795F6D 		.ascii	"cy_metadata\000"
 582      65746164 
 582      61746100 
 583              	.LASF1:
 584 0016 756E7369 		.ascii	"unsigned char\000"
 584      676E6564 
 584      20636861 
 584      7200
 585              	.LASF17:
 586 0024 474E5520 		.ascii	"GNU C11 5.4.1 20160609 (release) [ARM/embedded-5-br"
 586      43313120 
 586      352E342E 
 586      31203230 
 586      31363036 
 587 0057 616E6368 		.ascii	"anch revision 237715] -mcpu=cortex-m3 -mthumb -g -O"
 587      20726576 
 587      6973696F 
 587      6E203233 
 587      37373135 
 588 008a 67202D66 		.ascii	"g -ffunction-sections -ffat-lto-objects\000"
 588      66756E63 
 588      74696F6E 
 588      2D736563 
 588      74696F6E 
 589              	.LASF5:
 590 00b2 6C6F6E67 		.ascii	"long unsigned int\000"
 590      20756E73 
 590      69676E65 
 590      6420696E 
 590      7400
 591              	.LASF3:
 592 00c4 73686F72 		.ascii	"short unsigned int\000"
 592      7420756E 
 592      7369676E 
 592      65642069 
 592      6E7400
ARM GAS  C:\Users\bernw\AppData\Local\Temp\cc0pGa6j.s 			page 12


 593              	.LASF13:
 594 00d7 63795F6D 		.ascii	"cy_meta_custnvl\000"
 594      6574615F 
 594      63757374 
 594      6E766C00 
 595              	.LASF12:
 596 00e7 63795F6D 		.ascii	"cy_meta_configecc\000"
 596      6574615F 
 596      636F6E66 
 596      69676563 
 596      6300
 597              	.LASF8:
 598 00f9 756E7369 		.ascii	"unsigned int\000"
 598      676E6564 
 598      20696E74 
 598      00
 599              	.LASF7:
 600 0106 6C6F6E67 		.ascii	"long long unsigned int\000"
 600      206C6F6E 
 600      6720756E 
 600      7369676E 
 600      65642069 
 601              	.LASF10:
 602 011d 75696E74 		.ascii	"uint8_t\000"
 602      385F7400 
 603              	.LASF19:
 604 0125 433A5C55 		.ascii	"C:\\Users\\bernw\\Documents\\PSoC Creator\\practise"
 604      73657273 
 604      5C626572 
 604      6E775C44 
 604      6F63756D 
 605 0153 4578616D 		.ascii	"ExameV2\\practiseExameV2.cydsn\000"
 605      6556325C 
 605      70726163 
 605      74697365 
 605      4578616D 
 606              	.LASF15:
 607 0171 63795F6D 		.ascii	"cy_meta_flashprotect\000"
 607      6574615F 
 607      666C6173 
 607      6870726F 
 607      74656374 
 608              	.LASF14:
 609 0186 63795F6D 		.ascii	"cy_meta_wonvl\000"
 609      6574615F 
 609      776F6E76 
 609      6C00
 610              	.LASF11:
 611 0194 73697A65 		.ascii	"sizetype\000"
 611      74797065 
 611      00
 612              	.LASF6:
 613 019d 6C6F6E67 		.ascii	"long long int\000"
 613      206C6F6E 
 613      6720696E 
 613      7400
 614              	.LASF2:
ARM GAS  C:\Users\bernw\AppData\Local\Temp\cc0pGa6j.s 			page 13


 615 01ab 73686F72 		.ascii	"short int\000"
 615      7420696E 
 615      7400
 616              	.LASF4:
 617 01b5 6C6F6E67 		.ascii	"long int\000"
 617      20696E74 
 617      00
 618              	.LASF0:
 619 01be 7369676E 		.ascii	"signed char\000"
 619      65642063 
 619      68617200 
 620              	.LASF18:
 621 01ca 47656E65 		.ascii	"Generated_Source\\PSoC5\\cymetadata.c\000"
 621      72617465 
 621      645F536F 
 621      75726365 
 621      5C50536F 
 622              		.ident	"GCC: (GNU Tools for ARM Embedded Processors) 5.4.1 20160609 (release) [ARM/embedded-5-bran
