ARM GAS  C:\Users\bernw\AppData\Local\Temp\cc42BCXf.s 			page 1


   1              		.syntax unified
   2              		.cpu cortex-m3
   3              		.fpu softvfp
   4              		.eabi_attribute 20, 1
   5              		.eabi_attribute 21, 1
   6              		.eabi_attribute 23, 3
   7              		.eabi_attribute 24, 1
   8              		.eabi_attribute 25, 1
   9              		.eabi_attribute 26, 1
  10              		.eabi_attribute 30, 1
  11              		.eabi_attribute 34, 1
  12              		.eabi_attribute 18, 4
  13              		.thumb
  14              		.syntax unified
  15              		.file	"main.c"
  16              		.text
  17              	.Ltext0:
  18              		.cfi_sections	.debug_frame
  19              		.section	.text.readResistorValue,"ax",%progbits
  20              		.align	2
  21              		.global	readResistorValue
  22              		.thumb
  23              		.thumb_func
  24              		.type	readResistorValue, %function
  25              	readResistorValue:
  26              	.LFB63:
  27              		.file 1 "main.c"
   1:main.c        **** /**
   2:main.c        ****  ***********************************************************************************
   3:main.c        ****  * 
   4:main.c        ****  * 
   5:main.c        ****  * Exam of Embedded Systems 2
   6:main.c        ****  * Date: November 4th 2019
   7:main.c        ****  * Time: 14:00 - 16:30
   8:main.c        ****  *
   9:main.c        ****  * TO_DO: Exercise 1
  10:main.c        ****  * Student's name:
  11:main.c        ****  * Student's number: 
  12:main.c        ****  *
  13:main.c        ****  *
  14:main.c        ****  * Preface:
  15:main.c        ****  *
  16:main.c        ****  * In this exam you will simulate the charging/discharging process for the
  17:main.c        ****  * battery of an electric car. Your system will consider the following hardware
  18:main.c        ****  * components:
  19:main.c        ****  *
  20:main.c        ****  *   Battery level LEDS: An array of three LEDs which indicates the level of
  21:main.c        ****  *                       charge of the battery.
  22:main.c        ****  *   Charger status LED: A single LED which indicates the state of the charger.
  23:main.c        ****  *   Potentiometer:      A three-terminal variable resistor which simulates the 
  24:main.c        ****  *                       level of charge of the battery.
  25:main.c        ****  * 
  26:main.c        ****  * The system monitors the voltage level of the battery and adjusts its 
  27:main.c        ****  * charging state accordingly: a fast-charge state for a low charged battery
  28:main.c        ****  * (below 12.0 volts), a slow-charge state for a medium charged battery
  29:main.c        ****  * (between 12.0 and 13.2 volts) and a no-charge state for a fully charged
  30:main.c        ****  * battery (13.2 volts or higher).
ARM GAS  C:\Users\bernw\AppData\Local\Temp\cc42BCXf.s 			page 2


  31:main.c        ****  *
  32:main.c        ****  * IMPORTANT: WHEN YOU HAVE FINISHED, DELIVER A ZIP FILE OF YOUR COMPLETE
  33:main.c        ****  *            PROJECT!! PACKAGE THE battery_charging.cysdn DIRECTORY INTO A ZIP
  34:main.c        ****  *            FILE AND PUT IT ON YOUR USB STICK!
  35:main.c        ****  * 
  36:main.c        ****  * Good luck!
  37:main.c        ****  * 
  38:main.c        ****  * 
  39:main.c        ****  ***********************************************************************************
  40:main.c        ****  * 
  41:main.c        ****  * EXERCISES:
  42:main.c        ****  *
  43:main.c        ****  * Exercise 1: Getting started
  44:main.c        ****  *
  45:main.c        ****  * 1a: Enter your name and student number in the lines at the beginning of this
  46:main.c        ****  *     file. 
  47:main.c        ****  * 
  48:main.c        ****  * 1b: Create a new (empty) project for your exam. Make sure to check that you
  49:main.c        ****  *     are using the correct target hardware (your type of board). Call this
  50:main.c        ****  *     project "battery_charging" and look carefully where this is stored. Copy
  51:main.c        ****  *     the content of this file with the exercises and code in the main.c file 
  52:main.c        ****  *     of your project. Build the project and see if you can run and debug it.
  53:main.c        ****  * 
  54:main.c        ****  * 1c: If the battery level has not changed, there is no need to do anything. 
  55:main.c        ****  *     We might as well wait for a while until we check the voltage level
  56:main.c        ****  *     again. Fill in the code in the main loop to let the program sleep for a
  57:main.c        ****  *     while before we check the battery again. How long do you let the program
  58:main.c        ****  *     sleep?
  59:main.c        ****  * 
  60:main.c        ****  * 
  61:main.c        ****  ***********************************************************************************
  62:main.c        ****  *
  63:main.c        ****  * Exercise 2: Battery level indicator
  64:main.c        ****  * 
  65:main.c        ****  * The current level of the battery condition has to be indicated by three
  66:main.c        ****  * LEDs, see the function setBatteryIndicator.
  67:main.c        ****  *
  68:main.c        ****  * 2a: Connect three LEDs to your PSoC board. Make sure the LEDs can be
  69:main.c        ****  *     controlled by three consecutive pins of the same port on you PSoC. Draw
  70:main.c        ****  *     in your top-design how you have connected the three LEDs. 
  71:main.c        ****  *
  72:main.c        ****  * 2b: Fill in the code of the function setBatteryIndicator (the voltage 
  73:main.c        ****  *     reading function will be completed in Exercise 3). Make sure you use
  74:main.c        ****  *     individual Write functions for each pin (each LED).
  75:main.c        ****  * 
  76:main.c        ****  * TO DO!!!2c: Instead of individual Write functions for each pin you can also use one
  77:main.c        ****  *     single Write function to set the value for a set of consecutive pins at
  78:main.c        ****  *     once. Describe what has to be changed in your design to be able to use
  79:main.c        ****  *     such a function. Also provide the Write calls that you would use in this
  80:main.c        ****  *     case to control the LEDs. Put your answer below:
  81:main.c        ****  *
  82:main.c        ****  *       Description:
  83:main.c        ****  *       New Pin Write function calls:
  84:main.c        ****  *
  85:main.c        ****  *
  86:main.c        ****  ***********************************************************************************
  87:main.c        ****  * 
ARM GAS  C:\Users\bernw\AppData\Local\Temp\cc42BCXf.s 			page 3


  88:main.c        ****  * Exercise 3: Battery voltage sensing
  89:main.c        ****  * 
  90:main.c        ****  * The system has to sense the current voltage reading of the battery. We
  91:main.c        ****  * simulate this with the use of a variable resistor (potentiometer) from your
  92:main.c        ****  * kit. 
  93:main.c        ****  *
  94:main.c        ****  * 3a: Connect the variable resistor to you PSoC such that you will be able to
  95:main.c        ****  *     read its setting. Draw in your top-design how you have connected your
  96:main.c        ****  *     resistor.
  97:main.c        ****  *
  98:main.c        ****  * 3b: Complete the code of the function readResistorValue to read the resistor
  99:main.c        ****  *     value. 
 100:main.c        ****  *
 101:main.c        ****  * 3c: What are the maximum and the minimum values that you can read from your
 102:main.c        ****  *     resistor?
 103:main.c        ****  *
 104:main.c        ****  *       Maximum: 255 in decimals
 105:main.c        ****  *       Minimum: 0 in decimals
 106:main.c        ****  *
 107:main.c        ****  * 3d: Complete the code of the function readBatteryVoltage to convert the
 108:main.c        ****  *     resistor value into a voltage value between 0.0 and 14.0 volts
 109:main.c        ****  *
 110:main.c        ****  * 3e: Complete the code of the function readBatteryLevel to convert the
 111:main.c        ****  *     voltage reading into a battery level. Make sure you use macros to define
 112:main.c        ****  *     the different voltage levels.
 113:main.c        ****  *
 114:main.c        ****  *
 115:main.c        ****  ***********************************************************************************
 116:main.c        ****  * 
 117:main.c        ****  * Exercise 4: Charger State Indication
 118:main.c        ****  *
 119:main.c        ****  * The state of the charger has to be indicated with a single LED:
 120:main.c        ****  *   LED constantly on for no charge 
 121:main.c        ****  *   LED blinks slow for regular charging 
 122:main.c        ****  *   LED blinks fast for fast charge 
 123:main.c        ****  *   LED off for unknown state 
 124:main.c        ****  *
 125:main.c        ****  * The blinking rate of the LED should be controlled by a PWM module
 126:main.c        ****  *
 127:main.c        ****  * 4a: Connect another LED to the PSoC to be used for the charger indicator.
 128:main.c        ****  *     Draw the connections in the top-design.
 129:main.c        ****  *
 130:main.c        ****  * 4b: Configure a PWM module in your top-design and connect it to your led.
 131:main.c        ****  *
 132:main.c        ****  * 4c: Complete the code of the function setChargerIndicator such that the 
 133:main.c        ****  *     charger indicator LED performs the correct function. Choose the
 134:main.c        ****  *     frequency of the blinking rates yourself.
 135:main.c        ****  *
 136:main.c        ****  * 4d: Provide and explain the choices you have made for your PWM module:
 137:main.c        ****  *
 138:main.c        ****  *       Input clock frequency:
 139:main.c        ****  *       PWM period:
 140:main.c        ****  *       Fast blinking frequency and corresponding PWM duty cycle setting:
 141:main.c        ****  *       Slow blinking frequency and corresponding PWM duty cycle setting:
 142:main.c        ****  *
 143:main.c        ****  *
 144:main.c        ****  ***********************************************************************************
ARM GAS  C:\Users\bernw\AppData\Local\Temp\cc42BCXf.s 			page 4


 145:main.c        ****  *
 146:main.c        ****  * Exercise 5: Theoretical questions
 147:main.c        ****  * 
 148:main.c        ****  * 5a: How many bytes does the PSoC use to store the following variables:
 149:main.c        ****  *
 150:main.c        ****  *       int:
 151:main.c        ****  *       float:
 152:main.c        ****  *       double:
 153:main.c        ****  *
 154:main.c        ****  * 5b: Does the PSoC use little endian or big endian? 
 155:main.c        ****  *
 156:main.c        ****  * 5c: How many bits does the PSoC use to store a memory pointer?  
 157:main.c        ****  *
 158:main.c        ****  * 5d: Given your answers for 5a and 5c, how many integers could theoretically
 159:main.c        ****  *     be stored and addressed in the PSoC?
 160:main.c        ****  * 
 161:main.c        ****  * 
 162:main.c        ****  * REMINDER: Hand in a zip file ("battery_charging.cydsn.zip") of your complete
 163:main.c        ****  * project!!
 164:main.c        ****  *
 165:main.c        ****  *
 166:main.c        ****  ***********************************************************************************/
 167:main.c        **** 
 168:main.c        **** #include "project.h"
 169:main.c        **** 
 170:main.c        **** typedef enum CHARGE_STATES {
 171:main.c        ****   UNKOWN_CHARGE,
 172:main.c        ****   FAST_CHARGE,
 173:main.c        ****   REGULAR_CHARGE,
 174:main.c        ****   NO_CHARGE
 175:main.c        **** } CHARGE_STATES;
 176:main.c        **** 
 177:main.c        **** typedef enum BATT_LEVELS {
 178:main.c        ****   LEVEL_UNKNOWN,
 179:main.c        ****   LEVEL_FULL,
 180:main.c        ****   LEVEL_MEDIUM,
 181:main.c        ****   LEVEL_LOW
 182:main.c        **** } BATT_LEVELS;
 183:main.c        **** 
 184:main.c        **** int readResistorValue() {
  28              		.loc 1 184 0
  29              		.cfi_startproc
  30              		@ args = 0, pretend = 0, frame = 0
  31              		@ frame_needed = 0, uses_anonymous_args = 0
  32 0000 08B5     		push	{r3, lr}
  33              		.cfi_def_cfa_offset 8
  34              		.cfi_offset 3, -8
  35              		.cfi_offset 14, -4
  36              	.L2:
 185:main.c        **** 
 186:main.c        ****   /* TO_DO: Exercise 3b
 187:main.c        ****    * Fill in the code for this function to read the resistor value
 188:main.c        ****    */
 189:main.c        ****   while(!ADC_SAR_1_IsEndConversion(ADC_SAR_1_RETURN_STATUS)) ; 
  37              		.loc 1 189 0 discriminator 1
  38 0002 0120     		movs	r0, #1
  39 0004 FFF7FEFF 		bl	ADC_SAR_1_IsEndConversion
ARM GAS  C:\Users\bernw\AppData\Local\Temp\cc42BCXf.s 			page 5


  40              	.LVL0:
  41 0008 0028     		cmp	r0, #0
  42 000a FAD0     		beq	.L2
 190:main.c        ****   
 191:main.c        ****   int resistorValue = ADC_SAR_1_GetResult16();
  43              		.loc 1 191 0
  44 000c FFF7FEFF 		bl	ADC_SAR_1_GetResult16
  45              	.LVL1:
 192:main.c        **** 
 193:main.c        ****   return resistorValue;
 194:main.c        **** 
 195:main.c        **** }
  46              		.loc 1 195 0
  47 0010 08BD     		pop	{r3, pc}
  48              		.cfi_endproc
  49              	.LFE63:
  50              		.size	readResistorValue, .-readResistorValue
  51              		.global	__aeabi_i2d
  52              		.global	__aeabi_dmul
  53              		.global	__aeabi_d2f
  54 0012 00BF     		.section	.text.readBatteryVoltage,"ax",%progbits
  55              		.align	2
  56              		.global	readBatteryVoltage
  57              		.thumb
  58              		.thumb_func
  59              		.type	readBatteryVoltage, %function
  60              	readBatteryVoltage:
  61              	.LFB64:
 196:main.c        **** 
 197:main.c        **** float readBatteryVoltage() {
  62              		.loc 1 197 0
  63              		.cfi_startproc
  64              		@ args = 0, pretend = 0, frame = 0
  65              		@ frame_needed = 0, uses_anonymous_args = 0
  66 0000 08B5     		push	{r3, lr}
  67              		.cfi_def_cfa_offset 8
  68              		.cfi_offset 3, -8
  69              		.cfi_offset 14, -4
 198:main.c        **** 
 199:main.c        ****   /* Sense the battery voltage. We simulate this process by reading out the
 200:main.c        ****    * potentiometer (variable resistor) and converting its value into a voltage
 201:main.c        ****    * level between 0 and 14 volts
 202:main.c        ****    */
 203:main.c        ****   int r_value;
 204:main.c        ****   float	voltage;
 205:main.c        **** 
 206:main.c        ****   r_value = readResistorValue();
  70              		.loc 1 206 0
  71 0002 FFF7FEFF 		bl	readResistorValue
  72              	.LVL2:
 207:main.c        **** 
 208:main.c        ****   /* TO_DO: Exercise 3d:
 209:main.c        ****    * Fill in the code for this function to simulate the sensing of the battery
 210:main.c        ****    * voltage. Convert the reading from the potentiometer into a digital voltage
 211:main.c        ****    * value between 0.0 and 14.0 volts
 212:main.c        ****    */
 213:main.c        ****    voltage = r_value * (14.0 / 255);
ARM GAS  C:\Users\bernw\AppData\Local\Temp\cc42BCXf.s 			page 6


  73              		.loc 1 213 0
  74 0006 FFF7FEFF 		bl	__aeabi_i2d
  75              	.LVL3:
  76 000a 05A3     		adr	r3, .L6
  77 000c D3E90023 		ldrd	r2, [r3]
  78 0010 FFF7FEFF 		bl	__aeabi_dmul
  79              	.LVL4:
  80 0014 FFF7FEFF 		bl	__aeabi_d2f
  81              	.LVL5:
 214:main.c        **** 
 215:main.c        ****   /* Temporary setting for debugging purposes */
 216:main.c        ****   //voltage = 12.4;
 217:main.c        **** 
 218:main.c        ****   return voltage;
 219:main.c        **** 
 220:main.c        **** }
  82              		.loc 1 220 0
  83 0018 08BD     		pop	{r3, pc}
  84              	.L7:
  85 001a 00BFAFF3 		.align	3
  85      0080
  86              	.L6:
  87 0020 1C1C1C1C 		.word	471604252
  88 0024 1C1CAC3F 		.word	1068243996
  89              		.cfi_endproc
  90              	.LFE64:
  91              		.size	readBatteryVoltage, .-readBatteryVoltage
  92              		.global	__aeabi_fcmplt
  93              		.global	__aeabi_fcmpgt
  94              		.section	.text.readBatteryLevel,"ax",%progbits
  95              		.align	2
  96              		.global	readBatteryLevel
  97              		.thumb
  98              		.thumb_func
  99              		.type	readBatteryLevel, %function
 100              	readBatteryLevel:
 101              	.LFB65:
 221:main.c        **** 
 222:main.c        **** BATT_LEVELS readBatteryLevel() {
 102              		.loc 1 222 0
 103              		.cfi_startproc
 104              		@ args = 0, pretend = 0, frame = 0
 105              		@ frame_needed = 0, uses_anonymous_args = 0
 106 0000 38B5     		push	{r3, r4, r5, lr}
 107              		.cfi_def_cfa_offset 16
 108              		.cfi_offset 3, -16
 109              		.cfi_offset 4, -12
 110              		.cfi_offset 5, -8
 111              		.cfi_offset 14, -4
 223:main.c        **** 
 224:main.c        ****   /* Determines the current battery level according to its voltage reading */
 225:main.c        ****   float voltage;
 226:main.c        ****   BATT_LEVELS level;
 227:main.c        **** 
 228:main.c        ****   voltage = readBatteryVoltage();
 112              		.loc 1 228 0
 113 0002 FFF7FEFF 		bl	readBatteryVoltage
ARM GAS  C:\Users\bernw\AppData\Local\Temp\cc42BCXf.s 			page 7


 114              	.LVL6:
 115 0006 0546     		mov	r5, r0
 116              	.LVL7:
 229:main.c        **** 
 230:main.c        ****   /* TO_DO: Exercise 3e
 231:main.c        ****    * Fill in the code to convert the voltage reading to a battery level
 232:main.c        ****    */
 233:main.c        **** /*
 234:main.c        ****     if(voltage > 11){
 235:main.c        ****       level = LEVEL_FULL;
 236:main.c        ****     }else if(voltage > 7){
 237:main.c        ****       level = LEVEL_MEDIUM;
 238:main.c        ****     }else if(voltage > 3){
 239:main.c        ****       level = LEVEL_LOW;
 240:main.c        ****     }else if(voltage < 1){
 241:main.c        ****       level = LEVEL_UNKNOWN;
 242:main.c        ****     }*/
 243:main.c        ****     if(voltage < 0.5){
 117              		.loc 1 243 0
 118 0008 4FF07C51 		mov	r1, #1056964608
 119 000c FFF7FEFF 		bl	__aeabi_fcmplt
 120              	.LVL8:
 121 0010 78B9     		cbnz	r0, .L10
 244:main.c        ****       level = LEVEL_UNKNOWN;
 245:main.c        ****     }else if(voltage < 3.5){
 122              		.loc 1 245 0
 123 0012 0C49     		ldr	r1, .L15
 124 0014 2846     		mov	r0, r5
 125 0016 FFF7FEFF 		bl	__aeabi_fcmplt
 126              	.LVL9:
 127 001a 60B9     		cbnz	r0, .L11
 246:main.c        ****       level = LEVEL_LOW;
 247:main.c        ****     }else if(voltage < 7){
 128              		.loc 1 247 0
 129 001c 0A49     		ldr	r1, .L15+4
 130 001e 2846     		mov	r0, r5
 131 0020 FFF7FEFF 		bl	__aeabi_fcmplt
 132              	.LVL10:
 133 0024 48B9     		cbnz	r0, .L12
 248:main.c        ****       level = LEVEL_MEDIUM;
 249:main.c        ****     }else if(voltage > 10.5){
 134              		.loc 1 249 0
 135 0026 0949     		ldr	r1, .L15+8
 136 0028 2846     		mov	r0, r5
 137 002a FFF7FEFF 		bl	__aeabi_fcmpgt
 138              	.LVL11:
 139 002e 30B9     		cbnz	r0, .L13
 140 0030 06E0     		b	.L9
 141              	.L10:
 244:main.c        ****     }else if(voltage < 3.5){
 142              		.loc 1 244 0
 143 0032 0024     		movs	r4, #0
 144 0034 04E0     		b	.L9
 145              	.L11:
 246:main.c        ****       level = LEVEL_LOW;
 146              		.loc 1 246 0
 147 0036 0324     		movs	r4, #3
ARM GAS  C:\Users\bernw\AppData\Local\Temp\cc42BCXf.s 			page 8


 148 0038 02E0     		b	.L9
 149              	.L12:
 248:main.c        ****       level = LEVEL_MEDIUM;
 150              		.loc 1 248 0
 151 003a 0224     		movs	r4, #2
 152 003c 00E0     		b	.L9
 153              	.L13:
 250:main.c        ****       level = LEVEL_FULL;
 154              		.loc 1 250 0
 155 003e 0124     		movs	r4, #1
 156              	.L9:
 157              	.LVL12:
 251:main.c        ****     }
 252:main.c        **** 
 253:main.c        **** 
 254:main.c        ****   /* Temporary setting for debugging purposes */
 255:main.c        ****   //level = LEVEL_MEDIUM;
 256:main.c        **** 
 257:main.c        ****   return level;
 258:main.c        **** 
 259:main.c        **** }
 158              		.loc 1 259 0
 159 0040 2046     		mov	r0, r4
 160 0042 38BD     		pop	{r3, r4, r5, pc}
 161              	.LVL13:
 162              	.L16:
 163              		.align	2
 164              	.L15:
 165 0044 00006040 		.word	1080033280
 166 0048 0000E040 		.word	1088421888
 167 004c 00002841 		.word	1093140480
 168              		.cfi_endproc
 169              	.LFE65:
 170              		.size	readBatteryLevel, .-readBatteryLevel
 171              		.section	.text.setBatteryIndicator,"ax",%progbits
 172              		.align	2
 173              		.global	setBatteryIndicator
 174              		.thumb
 175              		.thumb_func
 176              		.type	setBatteryIndicator, %function
 177              	setBatteryIndicator:
 178              	.LFB66:
 260:main.c        **** 
 261:main.c        **** void setBatteryIndicator(BATT_LEVELS level) {
 179              		.loc 1 261 0
 180              		.cfi_startproc
 181              		@ args = 0, pretend = 0, frame = 0
 182              		@ frame_needed = 0, uses_anonymous_args = 0
 183              	.LVL14:
 184 0000 08B5     		push	{r3, lr}
 185              		.cfi_def_cfa_offset 8
 186              		.cfi_offset 3, -8
 187              		.cfi_offset 14, -4
 262:main.c        **** 
 263:main.c        ****   /* Lights up three LEDs to indicate the battery level as follows:
 264:main.c        ****    *   One LED: battery level is low
 265:main.c        ****    *   Two consecutive LEDs: battery level is medium
ARM GAS  C:\Users\bernw\AppData\Local\Temp\cc42BCXf.s 			page 9


 266:main.c        ****    *   Three consecutive LEDs: battery level is full
 267:main.c        ****    *   Two not consecutive LEDs: battery level is unknown
 268:main.c        ****    */
 269:main.c        **** 
 270:main.c        ****   /* TO_DO: Exercise 2b
 271:main.c        ****    * Write the code for this function
 272:main.c        ****    */
 273:main.c        ****   switch(level)
 188              		.loc 1 273 0
 189 0002 0328     		cmp	r0, #3
 190 0004 2AD8     		bhi	.L17
 191 0006 DFE800F0 		tbb	[pc, r0]
 192              	.L20:
 193 000a 02       		.byte	(.L19-.L20)/2
 194 000b 0C       		.byte	(.L21-.L20)/2
 195 000c 16       		.byte	(.L22-.L20)/2
 196 000d 20       		.byte	(.L23-.L20)/2
 197              		.p2align 1
 198              	.L19:
 274:main.c        **** {
 275:main.c        ****   case LEVEL_UNKNOWN:
 276:main.c        ****     LED_1_Write(1);
 199              		.loc 1 276 0
 200 000e 0120     		movs	r0, #1
 201              	.LVL15:
 202 0010 FFF7FEFF 		bl	LED_1_Write
 203              	.LVL16:
 277:main.c        ****     LED_2_Write(0);
 204              		.loc 1 277 0
 205 0014 0020     		movs	r0, #0
 206 0016 FFF7FEFF 		bl	LED_2_Write
 207              	.LVL17:
 278:main.c        ****     LED_3_Write(1);
 208              		.loc 1 278 0
 209 001a 0120     		movs	r0, #1
 210 001c FFF7FEFF 		bl	LED_3_Write
 211              	.LVL18:
 279:main.c        ****     break;
 212              		.loc 1 279 0
 213 0020 08BD     		pop	{r3, pc}
 214              	.LVL19:
 215              	.L21:
 280:main.c        ****     
 281:main.c        ****    case LEVEL_FULL:
 282:main.c        ****     LED_1_Write(1);
 216              		.loc 1 282 0
 217 0022 0120     		movs	r0, #1
 218              	.LVL20:
 219 0024 FFF7FEFF 		bl	LED_1_Write
 220              	.LVL21:
 283:main.c        ****     LED_2_Write(1);
 221              		.loc 1 283 0
 222 0028 0120     		movs	r0, #1
 223 002a FFF7FEFF 		bl	LED_2_Write
 224              	.LVL22:
 284:main.c        ****     LED_3_Write(1);
 225              		.loc 1 284 0
ARM GAS  C:\Users\bernw\AppData\Local\Temp\cc42BCXf.s 			page 10


 226 002e 0120     		movs	r0, #1
 227 0030 FFF7FEFF 		bl	LED_3_Write
 228              	.LVL23:
 285:main.c        ****     break;
 229              		.loc 1 285 0
 230 0034 08BD     		pop	{r3, pc}
 231              	.LVL24:
 232              	.L22:
 286:main.c        ****     
 287:main.c        ****     case LEVEL_MEDIUM:
 288:main.c        ****     LED_1_Write(1);
 233              		.loc 1 288 0
 234 0036 0120     		movs	r0, #1
 235              	.LVL25:
 236 0038 FFF7FEFF 		bl	LED_1_Write
 237              	.LVL26:
 289:main.c        ****     LED_2_Write(1);
 238              		.loc 1 289 0
 239 003c 0120     		movs	r0, #1
 240 003e FFF7FEFF 		bl	LED_2_Write
 241              	.LVL27:
 290:main.c        ****     LED_3_Write(0);
 242              		.loc 1 290 0
 243 0042 0020     		movs	r0, #0
 244 0044 FFF7FEFF 		bl	LED_3_Write
 245              	.LVL28:
 291:main.c        ****     break;
 246              		.loc 1 291 0
 247 0048 08BD     		pop	{r3, pc}
 248              	.LVL29:
 249              	.L23:
 292:main.c        ****     
 293:main.c        ****     case LEVEL_LOW:
 294:main.c        ****     LED_1_Write(1);
 250              		.loc 1 294 0
 251 004a 0120     		movs	r0, #1
 252              	.LVL30:
 253 004c FFF7FEFF 		bl	LED_1_Write
 254              	.LVL31:
 295:main.c        ****     LED_2_Write(0);
 255              		.loc 1 295 0
 256 0050 0020     		movs	r0, #0
 257 0052 FFF7FEFF 		bl	LED_2_Write
 258              	.LVL32:
 296:main.c        ****     LED_3_Write(0);
 259              		.loc 1 296 0
 260 0056 0020     		movs	r0, #0
 261 0058 FFF7FEFF 		bl	LED_3_Write
 262              	.LVL33:
 263              	.L17:
 264 005c 08BD     		pop	{r3, pc}
 265              		.cfi_endproc
 266              	.LFE66:
 267              		.size	setBatteryIndicator, .-setBatteryIndicator
 268 005e 00BF     		.section	.text.setChargerIndicator,"ax",%progbits
 269              		.align	2
 270              		.global	setChargerIndicator
ARM GAS  C:\Users\bernw\AppData\Local\Temp\cc42BCXf.s 			page 11


 271              		.thumb
 272              		.thumb_func
 273              		.type	setChargerIndicator, %function
 274              	setChargerIndicator:
 275              	.LFB67:
 297:main.c        ****     break;
 298:main.c        ****     
 299:main.c        ****     default:
 300:main.c        ****           ;
 301:main.c        ****    }
 302:main.c        **** 
 303:main.c        **** }
 304:main.c        **** 
 305:main.c        **** void setChargerIndicator(CHARGE_STATES state) {
 276              		.loc 1 305 0
 277              		.cfi_startproc
 278              		@ args = 0, pretend = 0, frame = 0
 279              		@ frame_needed = 0, uses_anonymous_args = 0
 280              	.LVL34:
 281 0000 08B5     		push	{r3, lr}
 282              		.cfi_def_cfa_offset 8
 283              		.cfi_offset 3, -8
 284              		.cfi_offset 14, -4
 306:main.c        **** 
 307:main.c        ****   /* Lights up the charger led to indicate its state as follows:
 308:main.c        ****    *   LED constantly on for no charge
 309:main.c        ****    *   LED blinks slow for regular charging
 310:main.c        ****    *   LED blinks fast for fast charge
 311:main.c        ****    *   LED off for unknown state
 312:main.c        ****    */
 313:main.c        **** 
 314:main.c        ****   /* TO_DO: Exercise 4c
 315:main.c        ****    * Write code for this function. Make sure you use a PWM module
 316:main.c        ****    */
 317:main.c        ****   switch(state)
 285              		.loc 1 317 0
 286 0002 0328     		cmp	r0, #3
 287 0004 12D8     		bhi	.L25
 288 0006 DFE800F0 		tbb	[pc, r0]
 289              	.L28:
 290 000a 0E       		.byte	(.L27-.L28)/2
 291 000b 0A       		.byte	(.L29-.L28)/2
 292 000c 06       		.byte	(.L30-.L28)/2
 293 000d 02       		.byte	(.L31-.L28)/2
 294              		.p2align 1
 295              	.L31:
 318:main.c        **** {
 319:main.c        ****     case NO_CHARGE:
 320:main.c        ****     PWM_1_WriteCompare(255);
 296              		.loc 1 320 0
 297 000e FF20     		movs	r0, #255
 298              	.LVL35:
 299 0010 FFF7FEFF 		bl	PWM_1_WriteCompare
 300              	.LVL36:
 321:main.c        ****     break;
 301              		.loc 1 321 0
 302 0014 08BD     		pop	{r3, pc}
ARM GAS  C:\Users\bernw\AppData\Local\Temp\cc42BCXf.s 			page 12


 303              	.LVL37:
 304              	.L30:
 322:main.c        ****     
 323:main.c        ****     case REGULAR_CHARGE:
 324:main.c        ****     PWM_1_WriteCompare(65);
 305              		.loc 1 324 0
 306 0016 4120     		movs	r0, #65
 307              	.LVL38:
 308 0018 FFF7FEFF 		bl	PWM_1_WriteCompare
 309              	.LVL39:
 325:main.c        ****     break;
 310              		.loc 1 325 0
 311 001c 08BD     		pop	{r3, pc}
 312              	.LVL40:
 313              	.L29:
 326:main.c        ****     
 327:main.c        ****     case FAST_CHARGE:
 328:main.c        ****     PWM_1_WriteCompare(192);
 314              		.loc 1 328 0
 315 001e C020     		movs	r0, #192
 316              	.LVL41:
 317 0020 FFF7FEFF 		bl	PWM_1_WriteCompare
 318              	.LVL42:
 329:main.c        ****     break;
 319              		.loc 1 329 0
 320 0024 08BD     		pop	{r3, pc}
 321              	.LVL43:
 322              	.L27:
 330:main.c        ****     
 331:main.c        ****     case UNKOWN_CHARGE:
 332:main.c        ****     PWM_1_WriteCompare(0);
 323              		.loc 1 332 0
 324 0026 0020     		movs	r0, #0
 325              	.LVL44:
 326 0028 FFF7FEFF 		bl	PWM_1_WriteCompare
 327              	.LVL45:
 328              	.L25:
 329 002c 08BD     		pop	{r3, pc}
 330              		.cfi_endproc
 331              	.LFE67:
 332              		.size	setChargerIndicator, .-setChargerIndicator
 333 002e 00BF     		.section	.text.initBatterySensor,"ax",%progbits
 334              		.align	2
 335              		.global	initBatterySensor
 336              		.thumb
 337              		.thumb_func
 338              		.type	initBatterySensor, %function
 339              	initBatterySensor:
 340              	.LFB68:
 333:main.c        ****     break;
 334:main.c        ****     
 335:main.c        ****     default:
 336:main.c        ****           ;
 337:main.c        **** }
 338:main.c        **** 
 339:main.c        **** }
 340:main.c        **** 
ARM GAS  C:\Users\bernw\AppData\Local\Temp\cc42BCXf.s 			page 13


 341:main.c        **** void initBatterySensor(void) {
 341              		.loc 1 341 0
 342              		.cfi_startproc
 343              		@ args = 0, pretend = 0, frame = 0
 344              		@ frame_needed = 0, uses_anonymous_args = 0
 345 0000 08B5     		push	{r3, lr}
 346              		.cfi_def_cfa_offset 8
 347              		.cfi_offset 3, -8
 348              		.cfi_offset 14, -4
 342:main.c        **** 
 343:main.c        ****   /* TO_DO: 
 344:main.c        ****    * Put initialization code here (if you need any)
 345:main.c        ****    */
 346:main.c        ****   ADC_SAR_1_Start(); // Start het ADC_SAR component
 349              		.loc 1 346 0
 350 0002 FFF7FEFF 		bl	ADC_SAR_1_Start
 351              	.LVL46:
 347:main.c        ****   ADC_SAR_1_StartConvert() ; // Start de ADC conversie continu in free-running mode.
 352              		.loc 1 347 0
 353 0006 FFF7FEFF 		bl	ADC_SAR_1_StartConvert
 354              	.LVL47:
 355 000a 08BD     		pop	{r3, pc}
 356              		.cfi_endproc
 357              	.LFE68:
 358              		.size	initBatterySensor, .-initBatterySensor
 359              		.section	.text.initBatteryLevelIndicator,"ax",%progbits
 360              		.align	2
 361              		.global	initBatteryLevelIndicator
 362              		.thumb
 363              		.thumb_func
 364              		.type	initBatteryLevelIndicator, %function
 365              	initBatteryLevelIndicator:
 366              	.LFB69:
 348:main.c        **** 
 349:main.c        **** }
 350:main.c        **** 
 351:main.c        **** void initBatteryLevelIndicator(void) {
 367              		.loc 1 351 0
 368              		.cfi_startproc
 369              		@ args = 0, pretend = 0, frame = 0
 370              		@ frame_needed = 0, uses_anonymous_args = 0
 371              		@ link register save eliminated.
 372 0000 7047     		bx	lr
 373              		.cfi_endproc
 374              	.LFE69:
 375              		.size	initBatteryLevelIndicator, .-initBatteryLevelIndicator
 376 0002 00BF     		.section	.text.initChargerStateIndicator,"ax",%progbits
 377              		.align	2
 378              		.global	initChargerStateIndicator
 379              		.thumb
 380              		.thumb_func
 381              		.type	initChargerStateIndicator, %function
 382              	initChargerStateIndicator:
 383              	.LFB70:
 352:main.c        **** 
 353:main.c        ****   /* TO_DO: 
 354:main.c        ****    * Put initialization code here (if you need any)
ARM GAS  C:\Users\bernw\AppData\Local\Temp\cc42BCXf.s 			page 14


 355:main.c        ****    */
 356:main.c        ****   
 357:main.c        **** 
 358:main.c        **** }
 359:main.c        **** 
 360:main.c        **** void initChargerStateIndicator(void) {
 384              		.loc 1 360 0
 385              		.cfi_startproc
 386              		@ args = 0, pretend = 0, frame = 0
 387              		@ frame_needed = 0, uses_anonymous_args = 0
 388              		.loc 1 360 0
 389 0000 08B5     		push	{r3, lr}
 390              		.cfi_def_cfa_offset 8
 391              		.cfi_offset 3, -8
 392              		.cfi_offset 14, -4
 361:main.c        **** 
 362:main.c        ****   /* TO_DO: 
 363:main.c        ****    * Put initialization code here (if you need any)
 364:main.c        ****    */
 365:main.c        ****   PWM_1_Start();
 393              		.loc 1 365 0
 394 0002 FFF7FEFF 		bl	PWM_1_Start
 395              	.LVL48:
 366:main.c        ****   Clock_1_Start();
 396              		.loc 1 366 0
 397 0006 FFF7FEFF 		bl	Clock_1_Start
 398              	.LVL49:
 399 000a 08BD     		pop	{r3, pc}
 400              		.cfi_endproc
 401              	.LFE70:
 402              		.size	initChargerStateIndicator, .-initChargerStateIndicator
 403              		.section	.text.batteryChargerInit,"ax",%progbits
 404              		.align	2
 405              		.global	batteryChargerInit
 406              		.thumb
 407              		.thumb_func
 408              		.type	batteryChargerInit, %function
 409              	batteryChargerInit:
 410              	.LFB71:
 367:main.c        **** 
 368:main.c        **** }
 369:main.c        **** 
 370:main.c        **** void batteryChargerInit(void) {
 411              		.loc 1 370 0
 412              		.cfi_startproc
 413              		@ args = 0, pretend = 0, frame = 0
 414              		@ frame_needed = 0, uses_anonymous_args = 0
 415 0000 08B5     		push	{r3, lr}
 416              		.cfi_def_cfa_offset 8
 417              		.cfi_offset 3, -8
 418              		.cfi_offset 14, -4
 371:main.c        **** 
 372:main.c        ****   initBatterySensor();
 419              		.loc 1 372 0
 420 0002 FFF7FEFF 		bl	initBatterySensor
 421              	.LVL50:
 373:main.c        ****   initBatteryLevelIndicator();
ARM GAS  C:\Users\bernw\AppData\Local\Temp\cc42BCXf.s 			page 15


 374:main.c        ****   initChargerStateIndicator();
 422              		.loc 1 374 0
 423 0006 FFF7FEFF 		bl	initChargerStateIndicator
 424              	.LVL51:
 425 000a 08BD     		pop	{r3, pc}
 426              		.cfi_endproc
 427              	.LFE71:
 428              		.size	batteryChargerInit, .-batteryChargerInit
 429              		.section	.text.main,"ax",%progbits
 430              		.align	2
 431              		.global	main
 432              		.thumb
 433              		.thumb_func
 434              		.type	main, %function
 435              	main:
 436              	.LFB72:
 375:main.c        **** 
 376:main.c        **** }
 377:main.c        **** 
 378:main.c        **** 
 379:main.c        **** int main(void) {
 437              		.loc 1 379 0
 438              		.cfi_startproc
 439              		@ args = 0, pretend = 0, frame = 0
 440              		@ frame_needed = 0, uses_anonymous_args = 0
 441 0000 70B5     		push	{r4, r5, r6, lr}
 442              		.cfi_def_cfa_offset 16
 443              		.cfi_offset 4, -16
 444              		.cfi_offset 5, -12
 445              		.cfi_offset 6, -8
 446              		.cfi_offset 14, -4
 447              	.LVL52:
 380:main.c        **** 
 381:main.c        ****   /* Variable declaration */
 382:main.c        ****   BATT_LEVELS last_battery_level = LEVEL_UNKNOWN, cur_battery_level = LEVEL_UNKNOWN;
 383:main.c        ****   CHARGE_STATES charger_state = UNKOWN_CHARGE;
 384:main.c        **** 
 385:main.c        ****   /* Enable global interrupts */
 386:main.c        ****   CyGlobalIntEnable;
 448              		.loc 1 386 0
 449              		.syntax unified
 450              	@ 386 "main.c" 1
 451 0002 62B6     		CPSIE   i
 452              	@ 0 "" 2
 387:main.c        **** 
 388:main.c        ****   /* Place your initialization/startup code here */
 389:main.c        ****   batteryChargerInit();
 453              		.loc 1 389 0
 454              		.thumb
 455              		.syntax unified
 456 0004 FFF7FEFF 		bl	batteryChargerInit
 457              	.LVL53:
 383:main.c        **** 
 458              		.loc 1 383 0
 459 0008 0026     		movs	r6, #0
 382:main.c        ****   CHARGE_STATES charger_state = UNKOWN_CHARGE;
 460              		.loc 1 382 0
ARM GAS  C:\Users\bernw\AppData\Local\Temp\cc42BCXf.s 			page 16


 461 000a 3546     		mov	r5, r6
 462              	.LVL54:
 463              	.L41:
 390:main.c        ****   
 391:main.c        **** 
 392:main.c        ****   for(;;) {
 393:main.c        **** 
 394:main.c        ****     /* Place your application code here */
 395:main.c        ****     cur_battery_level = readBatteryLevel();
 464              		.loc 1 395 0
 465 000c FFF7FEFF 		bl	readBatteryLevel
 466              	.LVL55:
 467 0010 0446     		mov	r4, r0
 468              	.LVL56:
 396:main.c        **** 
 397:main.c        ****     /* The battery level has changed, get to work */
 398:main.c        ****     if (cur_battery_level != last_battery_level) {
 469              		.loc 1 398 0
 470 0012 8542     		cmp	r5, r0
 471 0014 12D0     		beq	.L42
 399:main.c        **** 
 400:main.c        ****       setBatteryIndicator(cur_battery_level);
 472              		.loc 1 400 0
 473 0016 FFF7FEFF 		bl	setBatteryIndicator
 474              	.LVL57:
 401:main.c        **** 
 402:main.c        ****       switch (cur_battery_level) {
 475              		.loc 1 402 0
 476 001a 022C     		cmp	r4, #2
 477 001c 04D0     		beq	.L44
 478 001e 032C     		cmp	r4, #3
 479 0020 06D0     		beq	.L48
 480 0022 012C     		cmp	r4, #1
 481 0024 05D1     		bne	.L45
 482 0026 01E0     		b	.L46
 483              	.L44:
 484              	.LVL58:
 403:main.c        **** 
 404:main.c        ****         case LEVEL_LOW:
 405:main.c        ****           charger_state = FAST_CHARGE;
 406:main.c        ****           break;
 407:main.c        **** 
 408:main.c        ****         case LEVEL_MEDIUM:
 409:main.c        ****           charger_state = REGULAR_CHARGE;
 485              		.loc 1 409 0
 486 0028 0226     		movs	r6, #2
 410:main.c        ****           break;
 487              		.loc 1 410 0
 488 002a 02E0     		b	.L45
 489              	.LVL59:
 490              	.L46:
 411:main.c        **** 
 412:main.c        ****         case LEVEL_FULL:
 413:main.c        ****           charger_state = NO_CHARGE;
 491              		.loc 1 413 0
 492 002c 0326     		movs	r6, #3
 414:main.c        ****           break;
ARM GAS  C:\Users\bernw\AppData\Local\Temp\cc42BCXf.s 			page 17


 493              		.loc 1 414 0
 494 002e 00E0     		b	.L45
 495              	.LVL60:
 496              	.L48:
 405:main.c        ****           break;
 497              		.loc 1 405 0
 498 0030 0126     		movs	r6, #1
 499              	.LVL61:
 500              	.L45:
 415:main.c        **** 
 416:main.c        ****         default:
 417:main.c        ****           ;
 418:main.c        **** 
 419:main.c        ****       }
 420:main.c        **** 
 421:main.c        ****       setChargerIndicator(charger_state);
 501              		.loc 1 421 0
 502 0032 3046     		mov	r0, r6
 503 0034 FFF7FEFF 		bl	setChargerIndicator
 504              	.LVL62:
 422:main.c        ****       last_battery_level = cur_battery_level;
 505              		.loc 1 422 0
 506 0038 2546     		mov	r5, r4
 507 003a E7E7     		b	.L41
 508              	.LVL63:
 509              	.L42:
 423:main.c        **** 
 424:main.c        ****     }
 425:main.c        **** 
 426:main.c        ****     /* The battery level has not changed, sleep for a while */
 427:main.c        ****     else { 
 428:main.c        **** 
 429:main.c        ****       /* TO_DO: Exercise 1c
 430:main.c        ****        * Let the program sleep for a while
 431:main.c        ****        */
 432:main.c        ****       CyDelay(500);
 510              		.loc 1 432 0
 511 003c 4FF4FA70 		mov	r0, #500
 512              	.LVL64:
 513 0040 FFF7FEFF 		bl	CyDelay
 514              	.LVL65:
 515 0044 E2E7     		b	.L41
 516              		.cfi_endproc
 517              	.LFE72:
 518              		.size	main, .-main
 519 0046 00BF     		.text
 520              	.Letext0:
 521              		.file 2 "c:\\program files (x86)\\cypress\\psoc creator\\4.2\\psoc creator\\import\\gnu\\arm\\5.4.
 522              		.file 3 "c:\\program files (x86)\\cypress\\psoc creator\\4.2\\psoc creator\\import\\gnu\\arm\\5.4.
 523              		.file 4 "Generated_Source\\PSoC5/ADC_SAR_1.h"
 524              		.file 5 "Generated_Source\\PSoC5/LED_1.h"
 525              		.file 6 "Generated_Source\\PSoC5/LED_2.h"
 526              		.file 7 "Generated_Source\\PSoC5/LED_3.h"
 527              		.file 8 "Generated_Source\\PSoC5/PWM_1.h"
 528              		.file 9 "Generated_Source\\PSoC5/Clock_1.h"
 529              		.file 10 "Generated_Source\\PSoC5/CyLib.h"
 530              		.file 11 "Generated_Source\\PSoC5/core_cm3.h"
ARM GAS  C:\Users\bernw\AppData\Local\Temp\cc42BCXf.s 			page 18


 531              		.section	.debug_info,"",%progbits
 532              	.Ldebug_info0:
 533 0000 F2040000 		.4byte	0x4f2
 534 0004 0400     		.2byte	0x4
 535 0006 00000000 		.4byte	.Ldebug_abbrev0
 536 000a 04       		.byte	0x4
 537 000b 01       		.uleb128 0x1
 538 000c EB000000 		.4byte	.LASF53
 539 0010 0C       		.byte	0xc
 540 0011 2D030000 		.4byte	.LASF54
 541 0015 A1020000 		.4byte	.LASF55
 542 0019 00000000 		.4byte	.Ldebug_ranges0+0
 543 001d 00000000 		.4byte	0
 544 0021 00000000 		.4byte	.Ldebug_line0
 545 0025 02       		.uleb128 0x2
 546 0026 01       		.byte	0x1
 547 0027 06       		.byte	0x6
 548 0028 A7030000 		.4byte	.LASF0
 549 002c 02       		.uleb128 0x2
 550 002d 01       		.byte	0x1
 551 002e 08       		.byte	0x8
 552 002f DD000000 		.4byte	.LASF1
 553 0033 02       		.uleb128 0x2
 554 0034 02       		.byte	0x2
 555 0035 05       		.byte	0x5
 556 0036 7D030000 		.4byte	.LASF2
 557 003a 02       		.uleb128 0x2
 558 003b 02       		.byte	0x2
 559 003c 07       		.byte	0x7
 560 003d 83000000 		.4byte	.LASF3
 561 0041 03       		.uleb128 0x3
 562 0042 5F000000 		.4byte	.LASF9
 563 0046 02       		.byte	0x2
 564 0047 3F       		.byte	0x3f
 565 0048 4C000000 		.4byte	0x4c
 566 004c 02       		.uleb128 0x2
 567 004d 04       		.byte	0x4
 568 004e 05       		.byte	0x5
 569 004f 92030000 		.4byte	.LASF4
 570 0053 02       		.uleb128 0x2
 571 0054 04       		.byte	0x4
 572 0055 07       		.byte	0x7
 573 0056 93010000 		.4byte	.LASF5
 574 005a 02       		.uleb128 0x2
 575 005b 08       		.byte	0x8
 576 005c 05       		.byte	0x5
 577 005d 00000000 		.4byte	.LASF6
 578 0061 02       		.uleb128 0x2
 579 0062 08       		.byte	0x8
 580 0063 07       		.byte	0x7
 581 0064 53020000 		.4byte	.LASF7
 582 0068 04       		.uleb128 0x4
 583 0069 04       		.byte	0x4
 584 006a 05       		.byte	0x5
 585 006b 696E7400 		.ascii	"int\000"
 586 006f 02       		.uleb128 0x2
 587 0070 04       		.byte	0x4
ARM GAS  C:\Users\bernw\AppData\Local\Temp\cc42BCXf.s 			page 19


 588 0071 07       		.byte	0x7
 589 0072 30020000 		.4byte	.LASF8
 590 0076 03       		.uleb128 0x3
 591 0077 ED020000 		.4byte	.LASF10
 592 007b 03       		.byte	0x3
 593 007c 2C       		.byte	0x2c
 594 007d 41000000 		.4byte	0x41
 595 0081 02       		.uleb128 0x2
 596 0082 04       		.byte	0x4
 597 0083 04       		.byte	0x4
 598 0084 BD000000 		.4byte	.LASF11
 599 0088 02       		.uleb128 0x2
 600 0089 08       		.byte	0x8
 601 008a 04       		.byte	0x4
 602 008b FE010000 		.4byte	.LASF12
 603 008f 02       		.uleb128 0x2
 604 0090 01       		.byte	0x1
 605 0091 08       		.byte	0x8
 606 0092 34030000 		.4byte	.LASF13
 607 0096 02       		.uleb128 0x2
 608 0097 08       		.byte	0x8
 609 0098 04       		.byte	0x4
 610 0099 9B030000 		.4byte	.LASF14
 611 009d 02       		.uleb128 0x2
 612 009e 04       		.byte	0x4
 613 009f 07       		.byte	0x7
 614 00a0 F5020000 		.4byte	.LASF15
 615 00a4 05       		.uleb128 0x5
 616 00a5 75000000 		.4byte	.LASF20
 617 00a9 01       		.byte	0x1
 618 00aa 2C000000 		.4byte	0x2c
 619 00ae 01       		.byte	0x1
 620 00af AA       		.byte	0xaa
 621 00b0 CD000000 		.4byte	0xcd
 622 00b4 06       		.uleb128 0x6
 623 00b5 D7030000 		.4byte	.LASF16
 624 00b9 00       		.byte	0
 625 00ba 06       		.uleb128 0x6
 626 00bb 87010000 		.4byte	.LASF17
 627 00bf 01       		.byte	0x1
 628 00c0 06       		.uleb128 0x6
 629 00c1 E5010000 		.4byte	.LASF18
 630 00c5 02       		.byte	0x2
 631 00c6 06       		.uleb128 0x6
 632 00c7 F4010000 		.4byte	.LASF19
 633 00cb 03       		.byte	0x3
 634 00cc 00       		.byte	0
 635 00cd 03       		.uleb128 0x3
 636 00ce 75000000 		.4byte	.LASF20
 637 00d2 01       		.byte	0x1
 638 00d3 AF       		.byte	0xaf
 639 00d4 A4000000 		.4byte	0xa4
 640 00d8 05       		.uleb128 0x5
 641 00d9 69000000 		.4byte	.LASF21
 642 00dd 01       		.byte	0x1
 643 00de 2C000000 		.4byte	0x2c
 644 00e2 01       		.byte	0x1
ARM GAS  C:\Users\bernw\AppData\Local\Temp\cc42BCXf.s 			page 20


 645 00e3 B1       		.byte	0xb1
 646 00e4 01010000 		.4byte	0x101
 647 00e8 06       		.uleb128 0x6
 648 00e9 37000000 		.4byte	.LASF22
 649 00ed 00       		.byte	0
 650 00ee 06       		.uleb128 0x6
 651 00ef 87030000 		.4byte	.LASF23
 652 00f3 01       		.byte	0x1
 653 00f4 06       		.uleb128 0x6
 654 00f5 5E030000 		.4byte	.LASF24
 655 00f9 02       		.byte	0x2
 656 00fa 06       		.uleb128 0x6
 657 00fb 2D000000 		.4byte	.LASF25
 658 00ff 03       		.byte	0x3
 659 0100 00       		.byte	0
 660 0101 03       		.uleb128 0x3
 661 0102 69000000 		.4byte	.LASF21
 662 0106 01       		.byte	0x1
 663 0107 B6       		.byte	0xb6
 664 0108 D8000000 		.4byte	0xd8
 665 010c 07       		.uleb128 0x7
 666 010d 8F020000 		.4byte	.LASF26
 667 0111 01       		.byte	0x1
 668 0112 B8       		.byte	0xb8
 669 0113 68000000 		.4byte	0x68
 670 0117 00000000 		.4byte	.LFB63
 671 011b 12000000 		.4byte	.LFE63-.LFB63
 672 011f 01       		.uleb128 0x1
 673 0120 9C       		.byte	0x9c
 674 0121 4F010000 		.4byte	0x14f
 675 0125 08       		.uleb128 0x8
 676 0126 45020000 		.4byte	.LASF28
 677 012a 01       		.byte	0x1
 678 012b BF       		.byte	0xbf
 679 012c 68000000 		.4byte	0x68
 680 0130 01       		.uleb128 0x1
 681 0131 50       		.byte	0x50
 682 0132 09       		.uleb128 0x9
 683 0133 08000000 		.4byte	.LVL0
 684 0137 7C040000 		.4byte	0x47c
 685 013b 45010000 		.4byte	0x145
 686 013f 0A       		.uleb128 0xa
 687 0140 01       		.uleb128 0x1
 688 0141 50       		.byte	0x50
 689 0142 01       		.uleb128 0x1
 690 0143 31       		.byte	0x31
 691 0144 00       		.byte	0
 692 0145 0B       		.uleb128 0xb
 693 0146 10000000 		.4byte	.LVL1
 694 014a 87040000 		.4byte	0x487
 695 014e 00       		.byte	0
 696 014f 0C       		.uleb128 0xc
 697 0150 1A000000 		.4byte	.LASF27
 698 0154 01       		.byte	0x1
 699 0155 C5       		.byte	0xc5
 700 0156 81000000 		.4byte	0x81
 701 015a 00000000 		.4byte	.LFB64
ARM GAS  C:\Users\bernw\AppData\Local\Temp\cc42BCXf.s 			page 21


 702 015e 28000000 		.4byte	.LFE64-.LFB64
 703 0162 01       		.uleb128 0x1
 704 0163 9C       		.byte	0x9c
 705 0164 8E010000 		.4byte	0x18e
 706 0168 0D       		.uleb128 0xd
 707 0169 3D020000 		.4byte	.LASF29
 708 016d 01       		.byte	0x1
 709 016e CB       		.byte	0xcb
 710 016f 68000000 		.4byte	0x68
 711 0173 00000000 		.4byte	.LLST0
 712 0177 08       		.uleb128 0x8
 713 0178 BC010000 		.4byte	.LASF30
 714 017c 01       		.byte	0x1
 715 017d CC       		.byte	0xcc
 716 017e 81000000 		.4byte	0x81
 717 0182 01       		.uleb128 0x1
 718 0183 50       		.byte	0x50
 719 0184 0B       		.uleb128 0xb
 720 0185 06000000 		.4byte	.LVL2
 721 0189 0C010000 		.4byte	0x10c
 722 018d 00       		.byte	0
 723 018e 0C       		.uleb128 0xc
 724 018f 7E020000 		.4byte	.LASF31
 725 0193 01       		.byte	0x1
 726 0194 DE       		.byte	0xde
 727 0195 01010000 		.4byte	0x101
 728 0199 00000000 		.4byte	.LFB65
 729 019d 50000000 		.4byte	.LFE65-.LFB65
 730 01a1 01       		.uleb128 0x1
 731 01a2 9C       		.byte	0x9c
 732 01a3 CF010000 		.4byte	0x1cf
 733 01a7 0D       		.uleb128 0xd
 734 01a8 BC010000 		.4byte	.LASF30
 735 01ac 01       		.byte	0x1
 736 01ad E1       		.byte	0xe1
 737 01ae 81000000 		.4byte	0x81
 738 01b2 13000000 		.4byte	.LLST1
 739 01b6 0D       		.uleb128 0xd
 740 01b7 27030000 		.4byte	.LASF32
 741 01bb 01       		.byte	0x1
 742 01bc E2       		.byte	0xe2
 743 01bd 01010000 		.4byte	0x101
 744 01c1 31000000 		.4byte	.LLST2
 745 01c5 0B       		.uleb128 0xb
 746 01c6 06000000 		.4byte	.LVL6
 747 01ca 4F010000 		.4byte	0x14f
 748 01ce 00       		.byte	0
 749 01cf 0E       		.uleb128 0xe
 750 01d0 D1010000 		.4byte	.LASF33
 751 01d4 01       		.byte	0x1
 752 01d5 0501     		.2byte	0x105
 753 01d7 00000000 		.4byte	.LFB66
 754 01db 5E000000 		.4byte	.LFE66-.LFB66
 755 01df 01       		.uleb128 0x1
 756 01e0 9C       		.byte	0x9c
 757 01e1 D6020000 		.4byte	0x2d6
 758 01e5 0F       		.uleb128 0xf
ARM GAS  C:\Users\bernw\AppData\Local\Temp\cc42BCXf.s 			page 22


 759 01e6 27030000 		.4byte	.LASF32
 760 01ea 01       		.byte	0x1
 761 01eb 0501     		.2byte	0x105
 762 01ed 01010000 		.4byte	0x101
 763 01f1 44000000 		.4byte	.LLST3
 764 01f5 09       		.uleb128 0x9
 765 01f6 14000000 		.4byte	.LVL16
 766 01fa 92040000 		.4byte	0x492
 767 01fe 08020000 		.4byte	0x208
 768 0202 0A       		.uleb128 0xa
 769 0203 01       		.uleb128 0x1
 770 0204 50       		.byte	0x50
 771 0205 01       		.uleb128 0x1
 772 0206 31       		.byte	0x31
 773 0207 00       		.byte	0
 774 0208 09       		.uleb128 0x9
 775 0209 1A000000 		.4byte	.LVL17
 776 020d 9D040000 		.4byte	0x49d
 777 0211 1B020000 		.4byte	0x21b
 778 0215 0A       		.uleb128 0xa
 779 0216 01       		.uleb128 0x1
 780 0217 50       		.byte	0x50
 781 0218 01       		.uleb128 0x1
 782 0219 30       		.byte	0x30
 783 021a 00       		.byte	0
 784 021b 09       		.uleb128 0x9
 785 021c 20000000 		.4byte	.LVL18
 786 0220 A8040000 		.4byte	0x4a8
 787 0224 2E020000 		.4byte	0x22e
 788 0228 0A       		.uleb128 0xa
 789 0229 01       		.uleb128 0x1
 790 022a 50       		.byte	0x50
 791 022b 01       		.uleb128 0x1
 792 022c 31       		.byte	0x31
 793 022d 00       		.byte	0
 794 022e 09       		.uleb128 0x9
 795 022f 28000000 		.4byte	.LVL21
 796 0233 92040000 		.4byte	0x492
 797 0237 41020000 		.4byte	0x241
 798 023b 0A       		.uleb128 0xa
 799 023c 01       		.uleb128 0x1
 800 023d 50       		.byte	0x50
 801 023e 01       		.uleb128 0x1
 802 023f 31       		.byte	0x31
 803 0240 00       		.byte	0
 804 0241 09       		.uleb128 0x9
 805 0242 2E000000 		.4byte	.LVL22
 806 0246 9D040000 		.4byte	0x49d
 807 024a 54020000 		.4byte	0x254
 808 024e 0A       		.uleb128 0xa
 809 024f 01       		.uleb128 0x1
 810 0250 50       		.byte	0x50
 811 0251 01       		.uleb128 0x1
 812 0252 31       		.byte	0x31
 813 0253 00       		.byte	0
 814 0254 09       		.uleb128 0x9
 815 0255 34000000 		.4byte	.LVL23
ARM GAS  C:\Users\bernw\AppData\Local\Temp\cc42BCXf.s 			page 23


 816 0259 A8040000 		.4byte	0x4a8
 817 025d 67020000 		.4byte	0x267
 818 0261 0A       		.uleb128 0xa
 819 0262 01       		.uleb128 0x1
 820 0263 50       		.byte	0x50
 821 0264 01       		.uleb128 0x1
 822 0265 31       		.byte	0x31
 823 0266 00       		.byte	0
 824 0267 09       		.uleb128 0x9
 825 0268 3C000000 		.4byte	.LVL26
 826 026c 92040000 		.4byte	0x492
 827 0270 7A020000 		.4byte	0x27a
 828 0274 0A       		.uleb128 0xa
 829 0275 01       		.uleb128 0x1
 830 0276 50       		.byte	0x50
 831 0277 01       		.uleb128 0x1
 832 0278 31       		.byte	0x31
 833 0279 00       		.byte	0
 834 027a 09       		.uleb128 0x9
 835 027b 42000000 		.4byte	.LVL27
 836 027f 9D040000 		.4byte	0x49d
 837 0283 8D020000 		.4byte	0x28d
 838 0287 0A       		.uleb128 0xa
 839 0288 01       		.uleb128 0x1
 840 0289 50       		.byte	0x50
 841 028a 01       		.uleb128 0x1
 842 028b 31       		.byte	0x31
 843 028c 00       		.byte	0
 844 028d 09       		.uleb128 0x9
 845 028e 48000000 		.4byte	.LVL28
 846 0292 A8040000 		.4byte	0x4a8
 847 0296 A0020000 		.4byte	0x2a0
 848 029a 0A       		.uleb128 0xa
 849 029b 01       		.uleb128 0x1
 850 029c 50       		.byte	0x50
 851 029d 01       		.uleb128 0x1
 852 029e 30       		.byte	0x30
 853 029f 00       		.byte	0
 854 02a0 09       		.uleb128 0x9
 855 02a1 50000000 		.4byte	.LVL31
 856 02a5 92040000 		.4byte	0x492
 857 02a9 B3020000 		.4byte	0x2b3
 858 02ad 0A       		.uleb128 0xa
 859 02ae 01       		.uleb128 0x1
 860 02af 50       		.byte	0x50
 861 02b0 01       		.uleb128 0x1
 862 02b1 31       		.byte	0x31
 863 02b2 00       		.byte	0
 864 02b3 09       		.uleb128 0x9
 865 02b4 56000000 		.4byte	.LVL32
 866 02b8 9D040000 		.4byte	0x49d
 867 02bc C6020000 		.4byte	0x2c6
 868 02c0 0A       		.uleb128 0xa
 869 02c1 01       		.uleb128 0x1
 870 02c2 50       		.byte	0x50
 871 02c3 01       		.uleb128 0x1
 872 02c4 30       		.byte	0x30
ARM GAS  C:\Users\bernw\AppData\Local\Temp\cc42BCXf.s 			page 24


 873 02c5 00       		.byte	0
 874 02c6 10       		.uleb128 0x10
 875 02c7 5C000000 		.4byte	.LVL33
 876 02cb A8040000 		.4byte	0x4a8
 877 02cf 0A       		.uleb128 0xa
 878 02d0 01       		.uleb128 0x1
 879 02d1 50       		.byte	0x50
 880 02d2 01       		.uleb128 0x1
 881 02d3 30       		.byte	0x30
 882 02d4 00       		.byte	0
 883 02d5 00       		.byte	0
 884 02d6 0E       		.uleb128 0xe
 885 02d7 6A020000 		.4byte	.LASF34
 886 02db 01       		.byte	0x1
 887 02dc 3101     		.2byte	0x131
 888 02de 00000000 		.4byte	.LFB67
 889 02e2 2E000000 		.4byte	.LFE67-.LFB67
 890 02e6 01       		.uleb128 0x1
 891 02e7 9C       		.byte	0x9c
 892 02e8 48030000 		.4byte	0x348
 893 02ec 0F       		.uleb128 0xf
 894 02ed A9000000 		.4byte	.LASF35
 895 02f1 01       		.byte	0x1
 896 02f2 3101     		.2byte	0x131
 897 02f4 CD000000 		.4byte	0xcd
 898 02f8 B0000000 		.4byte	.LLST4
 899 02fc 09       		.uleb128 0x9
 900 02fd 14000000 		.4byte	.LVL36
 901 0301 B3040000 		.4byte	0x4b3
 902 0305 10030000 		.4byte	0x310
 903 0309 0A       		.uleb128 0xa
 904 030a 01       		.uleb128 0x1
 905 030b 50       		.byte	0x50
 906 030c 02       		.uleb128 0x2
 907 030d 09       		.byte	0x9
 908 030e FF       		.byte	0xff
 909 030f 00       		.byte	0
 910 0310 09       		.uleb128 0x9
 911 0311 1C000000 		.4byte	.LVL39
 912 0315 B3040000 		.4byte	0x4b3
 913 0319 24030000 		.4byte	0x324
 914 031d 0A       		.uleb128 0xa
 915 031e 01       		.uleb128 0x1
 916 031f 50       		.byte	0x50
 917 0320 02       		.uleb128 0x2
 918 0321 08       		.byte	0x8
 919 0322 41       		.byte	0x41
 920 0323 00       		.byte	0
 921 0324 09       		.uleb128 0x9
 922 0325 24000000 		.4byte	.LVL42
 923 0329 B3040000 		.4byte	0x4b3
 924 032d 38030000 		.4byte	0x338
 925 0331 0A       		.uleb128 0xa
 926 0332 01       		.uleb128 0x1
 927 0333 50       		.byte	0x50
 928 0334 02       		.uleb128 0x2
 929 0335 09       		.byte	0x9
ARM GAS  C:\Users\bernw\AppData\Local\Temp\cc42BCXf.s 			page 25


 930 0336 C0       		.byte	0xc0
 931 0337 00       		.byte	0
 932 0338 10       		.uleb128 0x10
 933 0339 2C000000 		.4byte	.LVL45
 934 033d B3040000 		.4byte	0x4b3
 935 0341 0A       		.uleb128 0xa
 936 0342 01       		.uleb128 0x1
 937 0343 50       		.byte	0x50
 938 0344 01       		.uleb128 0x1
 939 0345 30       		.byte	0x30
 940 0346 00       		.byte	0
 941 0347 00       		.byte	0
 942 0348 0E       		.uleb128 0xe
 943 0349 4C030000 		.4byte	.LASF36
 944 034d 01       		.byte	0x1
 945 034e 5501     		.2byte	0x155
 946 0350 00000000 		.4byte	.LFB68
 947 0354 0C000000 		.4byte	.LFE68-.LFB68
 948 0358 01       		.uleb128 0x1
 949 0359 9C       		.byte	0x9c
 950 035a 71030000 		.4byte	0x371
 951 035e 0B       		.uleb128 0xb
 952 035f 06000000 		.4byte	.LVL46
 953 0363 BE040000 		.4byte	0x4be
 954 0367 0B       		.uleb128 0xb
 955 0368 0A000000 		.4byte	.LVL47
 956 036c C9040000 		.4byte	0x4c9
 957 0370 00       		.byte	0
 958 0371 11       		.uleb128 0x11
 959 0372 16020000 		.4byte	.LASF56
 960 0376 01       		.byte	0x1
 961 0377 5F01     		.2byte	0x15f
 962 0379 00000000 		.4byte	.LFB69
 963 037d 02000000 		.4byte	.LFE69-.LFB69
 964 0381 01       		.uleb128 0x1
 965 0382 9C       		.byte	0x9c
 966 0383 0E       		.uleb128 0xe
 967 0384 45000000 		.4byte	.LASF37
 968 0388 01       		.byte	0x1
 969 0389 6801     		.2byte	0x168
 970 038b 00000000 		.4byte	.LFB70
 971 038f 0C000000 		.4byte	.LFE70-.LFB70
 972 0393 01       		.uleb128 0x1
 973 0394 9C       		.byte	0x9c
 974 0395 AC030000 		.4byte	0x3ac
 975 0399 0B       		.uleb128 0xb
 976 039a 06000000 		.4byte	.LVL48
 977 039e D4040000 		.4byte	0x4d4
 978 03a2 0B       		.uleb128 0xb
 979 03a3 0A000000 		.4byte	.LVL49
 980 03a7 DF040000 		.4byte	0x4df
 981 03ab 00       		.byte	0
 982 03ac 0E       		.uleb128 0xe
 983 03ad 39030000 		.4byte	.LASF38
 984 03b1 01       		.byte	0x1
 985 03b2 7201     		.2byte	0x172
 986 03b4 00000000 		.4byte	.LFB71
ARM GAS  C:\Users\bernw\AppData\Local\Temp\cc42BCXf.s 			page 26


 987 03b8 0C000000 		.4byte	.LFE71-.LFB71
 988 03bc 01       		.uleb128 0x1
 989 03bd 9C       		.byte	0x9c
 990 03be D5030000 		.4byte	0x3d5
 991 03c2 0B       		.uleb128 0xb
 992 03c3 06000000 		.4byte	.LVL50
 993 03c7 48030000 		.4byte	0x348
 994 03cb 0B       		.uleb128 0xb
 995 03cc 0A000000 		.4byte	.LVL51
 996 03d0 83030000 		.4byte	0x383
 997 03d4 00       		.byte	0
 998 03d5 12       		.uleb128 0x12
 999 03d6 05020000 		.4byte	.LASF57
 1000 03da 01       		.byte	0x1
 1001 03db 7B01     		.2byte	0x17b
 1002 03dd 68000000 		.4byte	0x68
 1003 03e1 00000000 		.4byte	.LFB72
 1004 03e5 46000000 		.4byte	.LFE72-.LFB72
 1005 03e9 01       		.uleb128 0x1
 1006 03ea 9C       		.byte	0x9c
 1007 03eb 6B040000 		.4byte	0x46b
 1008 03ef 13       		.uleb128 0x13
 1009 03f0 FE020000 		.4byte	.LASF39
 1010 03f4 01       		.byte	0x1
 1011 03f5 7E01     		.2byte	0x17e
 1012 03f7 01010000 		.4byte	0x101
 1013 03fb 1C010000 		.4byte	.LLST5
 1014 03ff 13       		.uleb128 0x13
 1015 0400 6B030000 		.4byte	.LASF40
 1016 0404 01       		.byte	0x1
 1017 0405 7E01     		.2byte	0x17e
 1018 0407 01010000 		.4byte	0x101
 1019 040b 51010000 		.4byte	.LLST6
 1020 040f 13       		.uleb128 0x13
 1021 0410 AF000000 		.4byte	.LASF41
 1022 0414 01       		.byte	0x1
 1023 0415 7F01     		.2byte	0x17f
 1024 0417 CD000000 		.4byte	0xcd
 1025 041b 7B010000 		.4byte	.LLST7
 1026 041f 0B       		.uleb128 0xb
 1027 0420 08000000 		.4byte	.LVL53
 1028 0424 AC030000 		.4byte	0x3ac
 1029 0428 0B       		.uleb128 0xb
 1030 0429 10000000 		.4byte	.LVL55
 1031 042d 8E010000 		.4byte	0x18e
 1032 0431 09       		.uleb128 0x9
 1033 0432 1A000000 		.4byte	.LVL57
 1034 0436 CF010000 		.4byte	0x1cf
 1035 043a 45040000 		.4byte	0x445
 1036 043e 0A       		.uleb128 0xa
 1037 043f 01       		.uleb128 0x1
 1038 0440 50       		.byte	0x50
 1039 0441 02       		.uleb128 0x2
 1040 0442 74       		.byte	0x74
 1041 0443 00       		.sleb128 0
 1042 0444 00       		.byte	0
 1043 0445 09       		.uleb128 0x9
ARM GAS  C:\Users\bernw\AppData\Local\Temp\cc42BCXf.s 			page 27


 1044 0446 38000000 		.4byte	.LVL62
 1045 044a D6020000 		.4byte	0x2d6
 1046 044e 59040000 		.4byte	0x459
 1047 0452 0A       		.uleb128 0xa
 1048 0453 01       		.uleb128 0x1
 1049 0454 50       		.byte	0x50
 1050 0455 02       		.uleb128 0x2
 1051 0456 76       		.byte	0x76
 1052 0457 00       		.sleb128 0
 1053 0458 00       		.byte	0
 1054 0459 10       		.uleb128 0x10
 1055 045a 44000000 		.4byte	.LVL65
 1056 045e EA040000 		.4byte	0x4ea
 1057 0462 0A       		.uleb128 0xa
 1058 0463 01       		.uleb128 0x1
 1059 0464 50       		.byte	0x50
 1060 0465 03       		.uleb128 0x3
 1061 0466 0A       		.byte	0xa
 1062 0467 F401     		.2byte	0x1f4
 1063 0469 00       		.byte	0
 1064 046a 00       		.byte	0
 1065 046b 14       		.uleb128 0x14
 1066 046c C4010000 		.4byte	.LASF58
 1067 0470 0B       		.byte	0xb
 1068 0471 1207     		.2byte	0x712
 1069 0473 77040000 		.4byte	0x477
 1070 0477 15       		.uleb128 0x15
 1071 0478 76000000 		.4byte	0x76
 1072 047c 16       		.uleb128 0x16
 1073 047d C3000000 		.4byte	.LASF42
 1074 0481 C3000000 		.4byte	.LASF42
 1075 0485 04       		.byte	0x4
 1076 0486 39       		.byte	0x39
 1077 0487 16       		.uleb128 0x16
 1078 0488 11030000 		.4byte	.LASF43
 1079 048c 11030000 		.4byte	.LASF43
 1080 0490 04       		.byte	0x4
 1081 0491 3B       		.byte	0x3b
 1082 0492 16       		.uleb128 0x16
 1083 0493 0A020000 		.4byte	.LASF44
 1084 0497 0A020000 		.4byte	.LASF44
 1085 049b 05       		.byte	0x5
 1086 049c 26       		.byte	0x26
 1087 049d 16       		.uleb128 0x16
 1088 049e 0E000000 		.4byte	.LASF45
 1089 04a2 0E000000 		.4byte	.LASF45
 1090 04a6 06       		.byte	0x6
 1091 04a7 26       		.byte	0x26
 1092 04a8 16       		.uleb128 0x16
 1093 04a9 C3030000 		.4byte	.LASF46
 1094 04ad C3030000 		.4byte	.LASF46
 1095 04b1 07       		.byte	0x7
 1096 04b2 26       		.byte	0x26
 1097 04b3 16       		.uleb128 0x16
 1098 04b4 96000000 		.4byte	.LASF47
 1099 04b8 96000000 		.4byte	.LASF47
 1100 04bc 08       		.byte	0x8
ARM GAS  C:\Users\bernw\AppData\Local\Temp\cc42BCXf.s 			page 28


 1101 04bd C3       		.byte	0xc3
 1102 04be 16       		.uleb128 0x16
 1103 04bf B3030000 		.4byte	.LASF48
 1104 04c3 B3030000 		.4byte	.LASF48
 1105 04c7 04       		.byte	0x4
 1106 04c8 34       		.byte	0x34
 1107 04c9 16       		.uleb128 0x16
 1108 04ca A5010000 		.4byte	.LASF49
 1109 04ce A5010000 		.4byte	.LASF49
 1110 04d2 04       		.byte	0x4
 1111 04d3 D1       		.byte	0xd1
 1112 04d4 16       		.uleb128 0x16
 1113 04d5 E5030000 		.4byte	.LASF50
 1114 04d9 E5030000 		.4byte	.LASF50
 1115 04dd 08       		.byte	0x8
 1116 04de 92       		.byte	0x92
 1117 04df 16       		.uleb128 0x16
 1118 04e0 79010000 		.4byte	.LASF51
 1119 04e4 79010000 		.4byte	.LASF51
 1120 04e8 09       		.byte	0x9
 1121 04e9 27       		.byte	0x27
 1122 04ea 16       		.uleb128 0x16
 1123 04eb CF030000 		.4byte	.LASF52
 1124 04ef CF030000 		.4byte	.LASF52
 1125 04f3 0A       		.byte	0xa
 1126 04f4 76       		.byte	0x76
 1127 04f5 00       		.byte	0
 1128              		.section	.debug_abbrev,"",%progbits
 1129              	.Ldebug_abbrev0:
 1130 0000 01       		.uleb128 0x1
 1131 0001 11       		.uleb128 0x11
 1132 0002 01       		.byte	0x1
 1133 0003 25       		.uleb128 0x25
 1134 0004 0E       		.uleb128 0xe
 1135 0005 13       		.uleb128 0x13
 1136 0006 0B       		.uleb128 0xb
 1137 0007 03       		.uleb128 0x3
 1138 0008 0E       		.uleb128 0xe
 1139 0009 1B       		.uleb128 0x1b
 1140 000a 0E       		.uleb128 0xe
 1141 000b 55       		.uleb128 0x55
 1142 000c 17       		.uleb128 0x17
 1143 000d 11       		.uleb128 0x11
 1144 000e 01       		.uleb128 0x1
 1145 000f 10       		.uleb128 0x10
 1146 0010 17       		.uleb128 0x17
 1147 0011 00       		.byte	0
 1148 0012 00       		.byte	0
 1149 0013 02       		.uleb128 0x2
 1150 0014 24       		.uleb128 0x24
 1151 0015 00       		.byte	0
 1152 0016 0B       		.uleb128 0xb
 1153 0017 0B       		.uleb128 0xb
 1154 0018 3E       		.uleb128 0x3e
 1155 0019 0B       		.uleb128 0xb
 1156 001a 03       		.uleb128 0x3
 1157 001b 0E       		.uleb128 0xe
ARM GAS  C:\Users\bernw\AppData\Local\Temp\cc42BCXf.s 			page 29


 1158 001c 00       		.byte	0
 1159 001d 00       		.byte	0
 1160 001e 03       		.uleb128 0x3
 1161 001f 16       		.uleb128 0x16
 1162 0020 00       		.byte	0
 1163 0021 03       		.uleb128 0x3
 1164 0022 0E       		.uleb128 0xe
 1165 0023 3A       		.uleb128 0x3a
 1166 0024 0B       		.uleb128 0xb
 1167 0025 3B       		.uleb128 0x3b
 1168 0026 0B       		.uleb128 0xb
 1169 0027 49       		.uleb128 0x49
 1170 0028 13       		.uleb128 0x13
 1171 0029 00       		.byte	0
 1172 002a 00       		.byte	0
 1173 002b 04       		.uleb128 0x4
 1174 002c 24       		.uleb128 0x24
 1175 002d 00       		.byte	0
 1176 002e 0B       		.uleb128 0xb
 1177 002f 0B       		.uleb128 0xb
 1178 0030 3E       		.uleb128 0x3e
 1179 0031 0B       		.uleb128 0xb
 1180 0032 03       		.uleb128 0x3
 1181 0033 08       		.uleb128 0x8
 1182 0034 00       		.byte	0
 1183 0035 00       		.byte	0
 1184 0036 05       		.uleb128 0x5
 1185 0037 04       		.uleb128 0x4
 1186 0038 01       		.byte	0x1
 1187 0039 03       		.uleb128 0x3
 1188 003a 0E       		.uleb128 0xe
 1189 003b 0B       		.uleb128 0xb
 1190 003c 0B       		.uleb128 0xb
 1191 003d 49       		.uleb128 0x49
 1192 003e 13       		.uleb128 0x13
 1193 003f 3A       		.uleb128 0x3a
 1194 0040 0B       		.uleb128 0xb
 1195 0041 3B       		.uleb128 0x3b
 1196 0042 0B       		.uleb128 0xb
 1197 0043 01       		.uleb128 0x1
 1198 0044 13       		.uleb128 0x13
 1199 0045 00       		.byte	0
 1200 0046 00       		.byte	0
 1201 0047 06       		.uleb128 0x6
 1202 0048 28       		.uleb128 0x28
 1203 0049 00       		.byte	0
 1204 004a 03       		.uleb128 0x3
 1205 004b 0E       		.uleb128 0xe
 1206 004c 1C       		.uleb128 0x1c
 1207 004d 0B       		.uleb128 0xb
 1208 004e 00       		.byte	0
 1209 004f 00       		.byte	0
 1210 0050 07       		.uleb128 0x7
 1211 0051 2E       		.uleb128 0x2e
 1212 0052 01       		.byte	0x1
 1213 0053 3F       		.uleb128 0x3f
 1214 0054 19       		.uleb128 0x19
ARM GAS  C:\Users\bernw\AppData\Local\Temp\cc42BCXf.s 			page 30


 1215 0055 03       		.uleb128 0x3
 1216 0056 0E       		.uleb128 0xe
 1217 0057 3A       		.uleb128 0x3a
 1218 0058 0B       		.uleb128 0xb
 1219 0059 3B       		.uleb128 0x3b
 1220 005a 0B       		.uleb128 0xb
 1221 005b 49       		.uleb128 0x49
 1222 005c 13       		.uleb128 0x13
 1223 005d 11       		.uleb128 0x11
 1224 005e 01       		.uleb128 0x1
 1225 005f 12       		.uleb128 0x12
 1226 0060 06       		.uleb128 0x6
 1227 0061 40       		.uleb128 0x40
 1228 0062 18       		.uleb128 0x18
 1229 0063 9742     		.uleb128 0x2117
 1230 0065 19       		.uleb128 0x19
 1231 0066 01       		.uleb128 0x1
 1232 0067 13       		.uleb128 0x13
 1233 0068 00       		.byte	0
 1234 0069 00       		.byte	0
 1235 006a 08       		.uleb128 0x8
 1236 006b 34       		.uleb128 0x34
 1237 006c 00       		.byte	0
 1238 006d 03       		.uleb128 0x3
 1239 006e 0E       		.uleb128 0xe
 1240 006f 3A       		.uleb128 0x3a
 1241 0070 0B       		.uleb128 0xb
 1242 0071 3B       		.uleb128 0x3b
 1243 0072 0B       		.uleb128 0xb
 1244 0073 49       		.uleb128 0x49
 1245 0074 13       		.uleb128 0x13
 1246 0075 02       		.uleb128 0x2
 1247 0076 18       		.uleb128 0x18
 1248 0077 00       		.byte	0
 1249 0078 00       		.byte	0
 1250 0079 09       		.uleb128 0x9
 1251 007a 898201   		.uleb128 0x4109
 1252 007d 01       		.byte	0x1
 1253 007e 11       		.uleb128 0x11
 1254 007f 01       		.uleb128 0x1
 1255 0080 31       		.uleb128 0x31
 1256 0081 13       		.uleb128 0x13
 1257 0082 01       		.uleb128 0x1
 1258 0083 13       		.uleb128 0x13
 1259 0084 00       		.byte	0
 1260 0085 00       		.byte	0
 1261 0086 0A       		.uleb128 0xa
 1262 0087 8A8201   		.uleb128 0x410a
 1263 008a 00       		.byte	0
 1264 008b 02       		.uleb128 0x2
 1265 008c 18       		.uleb128 0x18
 1266 008d 9142     		.uleb128 0x2111
 1267 008f 18       		.uleb128 0x18
 1268 0090 00       		.byte	0
 1269 0091 00       		.byte	0
 1270 0092 0B       		.uleb128 0xb
 1271 0093 898201   		.uleb128 0x4109
ARM GAS  C:\Users\bernw\AppData\Local\Temp\cc42BCXf.s 			page 31


 1272 0096 00       		.byte	0
 1273 0097 11       		.uleb128 0x11
 1274 0098 01       		.uleb128 0x1
 1275 0099 31       		.uleb128 0x31
 1276 009a 13       		.uleb128 0x13
 1277 009b 00       		.byte	0
 1278 009c 00       		.byte	0
 1279 009d 0C       		.uleb128 0xc
 1280 009e 2E       		.uleb128 0x2e
 1281 009f 01       		.byte	0x1
 1282 00a0 3F       		.uleb128 0x3f
 1283 00a1 19       		.uleb128 0x19
 1284 00a2 03       		.uleb128 0x3
 1285 00a3 0E       		.uleb128 0xe
 1286 00a4 3A       		.uleb128 0x3a
 1287 00a5 0B       		.uleb128 0xb
 1288 00a6 3B       		.uleb128 0x3b
 1289 00a7 0B       		.uleb128 0xb
 1290 00a8 49       		.uleb128 0x49
 1291 00a9 13       		.uleb128 0x13
 1292 00aa 11       		.uleb128 0x11
 1293 00ab 01       		.uleb128 0x1
 1294 00ac 12       		.uleb128 0x12
 1295 00ad 06       		.uleb128 0x6
 1296 00ae 40       		.uleb128 0x40
 1297 00af 18       		.uleb128 0x18
 1298 00b0 9642     		.uleb128 0x2116
 1299 00b2 19       		.uleb128 0x19
 1300 00b3 01       		.uleb128 0x1
 1301 00b4 13       		.uleb128 0x13
 1302 00b5 00       		.byte	0
 1303 00b6 00       		.byte	0
 1304 00b7 0D       		.uleb128 0xd
 1305 00b8 34       		.uleb128 0x34
 1306 00b9 00       		.byte	0
 1307 00ba 03       		.uleb128 0x3
 1308 00bb 0E       		.uleb128 0xe
 1309 00bc 3A       		.uleb128 0x3a
 1310 00bd 0B       		.uleb128 0xb
 1311 00be 3B       		.uleb128 0x3b
 1312 00bf 0B       		.uleb128 0xb
 1313 00c0 49       		.uleb128 0x49
 1314 00c1 13       		.uleb128 0x13
 1315 00c2 02       		.uleb128 0x2
 1316 00c3 17       		.uleb128 0x17
 1317 00c4 00       		.byte	0
 1318 00c5 00       		.byte	0
 1319 00c6 0E       		.uleb128 0xe
 1320 00c7 2E       		.uleb128 0x2e
 1321 00c8 01       		.byte	0x1
 1322 00c9 3F       		.uleb128 0x3f
 1323 00ca 19       		.uleb128 0x19
 1324 00cb 03       		.uleb128 0x3
 1325 00cc 0E       		.uleb128 0xe
 1326 00cd 3A       		.uleb128 0x3a
 1327 00ce 0B       		.uleb128 0xb
 1328 00cf 3B       		.uleb128 0x3b
ARM GAS  C:\Users\bernw\AppData\Local\Temp\cc42BCXf.s 			page 32


 1329 00d0 05       		.uleb128 0x5
 1330 00d1 27       		.uleb128 0x27
 1331 00d2 19       		.uleb128 0x19
 1332 00d3 11       		.uleb128 0x11
 1333 00d4 01       		.uleb128 0x1
 1334 00d5 12       		.uleb128 0x12
 1335 00d6 06       		.uleb128 0x6
 1336 00d7 40       		.uleb128 0x40
 1337 00d8 18       		.uleb128 0x18
 1338 00d9 9742     		.uleb128 0x2117
 1339 00db 19       		.uleb128 0x19
 1340 00dc 01       		.uleb128 0x1
 1341 00dd 13       		.uleb128 0x13
 1342 00de 00       		.byte	0
 1343 00df 00       		.byte	0
 1344 00e0 0F       		.uleb128 0xf
 1345 00e1 05       		.uleb128 0x5
 1346 00e2 00       		.byte	0
 1347 00e3 03       		.uleb128 0x3
 1348 00e4 0E       		.uleb128 0xe
 1349 00e5 3A       		.uleb128 0x3a
 1350 00e6 0B       		.uleb128 0xb
 1351 00e7 3B       		.uleb128 0x3b
 1352 00e8 05       		.uleb128 0x5
 1353 00e9 49       		.uleb128 0x49
 1354 00ea 13       		.uleb128 0x13
 1355 00eb 02       		.uleb128 0x2
 1356 00ec 17       		.uleb128 0x17
 1357 00ed 00       		.byte	0
 1358 00ee 00       		.byte	0
 1359 00ef 10       		.uleb128 0x10
 1360 00f0 898201   		.uleb128 0x4109
 1361 00f3 01       		.byte	0x1
 1362 00f4 11       		.uleb128 0x11
 1363 00f5 01       		.uleb128 0x1
 1364 00f6 31       		.uleb128 0x31
 1365 00f7 13       		.uleb128 0x13
 1366 00f8 00       		.byte	0
 1367 00f9 00       		.byte	0
 1368 00fa 11       		.uleb128 0x11
 1369 00fb 2E       		.uleb128 0x2e
 1370 00fc 00       		.byte	0
 1371 00fd 3F       		.uleb128 0x3f
 1372 00fe 19       		.uleb128 0x19
 1373 00ff 03       		.uleb128 0x3
 1374 0100 0E       		.uleb128 0xe
 1375 0101 3A       		.uleb128 0x3a
 1376 0102 0B       		.uleb128 0xb
 1377 0103 3B       		.uleb128 0x3b
 1378 0104 05       		.uleb128 0x5
 1379 0105 27       		.uleb128 0x27
 1380 0106 19       		.uleb128 0x19
 1381 0107 11       		.uleb128 0x11
 1382 0108 01       		.uleb128 0x1
 1383 0109 12       		.uleb128 0x12
 1384 010a 06       		.uleb128 0x6
 1385 010b 40       		.uleb128 0x40
ARM GAS  C:\Users\bernw\AppData\Local\Temp\cc42BCXf.s 			page 33


 1386 010c 18       		.uleb128 0x18
 1387 010d 9742     		.uleb128 0x2117
 1388 010f 19       		.uleb128 0x19
 1389 0110 00       		.byte	0
 1390 0111 00       		.byte	0
 1391 0112 12       		.uleb128 0x12
 1392 0113 2E       		.uleb128 0x2e
 1393 0114 01       		.byte	0x1
 1394 0115 3F       		.uleb128 0x3f
 1395 0116 19       		.uleb128 0x19
 1396 0117 03       		.uleb128 0x3
 1397 0118 0E       		.uleb128 0xe
 1398 0119 3A       		.uleb128 0x3a
 1399 011a 0B       		.uleb128 0xb
 1400 011b 3B       		.uleb128 0x3b
 1401 011c 05       		.uleb128 0x5
 1402 011d 27       		.uleb128 0x27
 1403 011e 19       		.uleb128 0x19
 1404 011f 49       		.uleb128 0x49
 1405 0120 13       		.uleb128 0x13
 1406 0121 8701     		.uleb128 0x87
 1407 0123 19       		.uleb128 0x19
 1408 0124 11       		.uleb128 0x11
 1409 0125 01       		.uleb128 0x1
 1410 0126 12       		.uleb128 0x12
 1411 0127 06       		.uleb128 0x6
 1412 0128 40       		.uleb128 0x40
 1413 0129 18       		.uleb128 0x18
 1414 012a 9742     		.uleb128 0x2117
 1415 012c 19       		.uleb128 0x19
 1416 012d 01       		.uleb128 0x1
 1417 012e 13       		.uleb128 0x13
 1418 012f 00       		.byte	0
 1419 0130 00       		.byte	0
 1420 0131 13       		.uleb128 0x13
 1421 0132 34       		.uleb128 0x34
 1422 0133 00       		.byte	0
 1423 0134 03       		.uleb128 0x3
 1424 0135 0E       		.uleb128 0xe
 1425 0136 3A       		.uleb128 0x3a
 1426 0137 0B       		.uleb128 0xb
 1427 0138 3B       		.uleb128 0x3b
 1428 0139 05       		.uleb128 0x5
 1429 013a 49       		.uleb128 0x49
 1430 013b 13       		.uleb128 0x13
 1431 013c 02       		.uleb128 0x2
 1432 013d 17       		.uleb128 0x17
 1433 013e 00       		.byte	0
 1434 013f 00       		.byte	0
 1435 0140 14       		.uleb128 0x14
 1436 0141 34       		.uleb128 0x34
 1437 0142 00       		.byte	0
 1438 0143 03       		.uleb128 0x3
 1439 0144 0E       		.uleb128 0xe
 1440 0145 3A       		.uleb128 0x3a
 1441 0146 0B       		.uleb128 0xb
 1442 0147 3B       		.uleb128 0x3b
ARM GAS  C:\Users\bernw\AppData\Local\Temp\cc42BCXf.s 			page 34


 1443 0148 05       		.uleb128 0x5
 1444 0149 49       		.uleb128 0x49
 1445 014a 13       		.uleb128 0x13
 1446 014b 3F       		.uleb128 0x3f
 1447 014c 19       		.uleb128 0x19
 1448 014d 3C       		.uleb128 0x3c
 1449 014e 19       		.uleb128 0x19
 1450 014f 00       		.byte	0
 1451 0150 00       		.byte	0
 1452 0151 15       		.uleb128 0x15
 1453 0152 35       		.uleb128 0x35
 1454 0153 00       		.byte	0
 1455 0154 49       		.uleb128 0x49
 1456 0155 13       		.uleb128 0x13
 1457 0156 00       		.byte	0
 1458 0157 00       		.byte	0
 1459 0158 16       		.uleb128 0x16
 1460 0159 2E       		.uleb128 0x2e
 1461 015a 00       		.byte	0
 1462 015b 3F       		.uleb128 0x3f
 1463 015c 19       		.uleb128 0x19
 1464 015d 3C       		.uleb128 0x3c
 1465 015e 19       		.uleb128 0x19
 1466 015f 6E       		.uleb128 0x6e
 1467 0160 0E       		.uleb128 0xe
 1468 0161 03       		.uleb128 0x3
 1469 0162 0E       		.uleb128 0xe
 1470 0163 3A       		.uleb128 0x3a
 1471 0164 0B       		.uleb128 0xb
 1472 0165 3B       		.uleb128 0x3b
 1473 0166 0B       		.uleb128 0xb
 1474 0167 00       		.byte	0
 1475 0168 00       		.byte	0
 1476 0169 00       		.byte	0
 1477              		.section	.debug_loc,"",%progbits
 1478              	.Ldebug_loc0:
 1479              	.LLST0:
 1480 0000 06000000 		.4byte	.LVL2
 1481 0004 09000000 		.4byte	.LVL3-1
 1482 0008 0100     		.2byte	0x1
 1483 000a 50       		.byte	0x50
 1484 000b 00000000 		.4byte	0
 1485 000f 00000000 		.4byte	0
 1486              	.LLST1:
 1487 0013 08000000 		.4byte	.LVL7
 1488 0017 0F000000 		.4byte	.LVL8-1
 1489 001b 0100     		.2byte	0x1
 1490 001d 50       		.byte	0x50
 1491 001e 0F000000 		.4byte	.LVL8-1
 1492 0022 44000000 		.4byte	.LVL13
 1493 0026 0100     		.2byte	0x1
 1494 0028 55       		.byte	0x55
 1495 0029 00000000 		.4byte	0
 1496 002d 00000000 		.4byte	0
 1497              	.LLST2:
 1498 0031 40000000 		.4byte	.LVL12
 1499 0035 44000000 		.4byte	.LVL13
ARM GAS  C:\Users\bernw\AppData\Local\Temp\cc42BCXf.s 			page 35


 1500 0039 0100     		.2byte	0x1
 1501 003b 54       		.byte	0x54
 1502 003c 00000000 		.4byte	0
 1503 0040 00000000 		.4byte	0
 1504              	.LLST3:
 1505 0044 00000000 		.4byte	.LVL14
 1506 0048 10000000 		.4byte	.LVL15
 1507 004c 0100     		.2byte	0x1
 1508 004e 50       		.byte	0x50
 1509 004f 10000000 		.4byte	.LVL15
 1510 0053 22000000 		.4byte	.LVL19
 1511 0057 0400     		.2byte	0x4
 1512 0059 F3       		.byte	0xf3
 1513 005a 01       		.uleb128 0x1
 1514 005b 50       		.byte	0x50
 1515 005c 9F       		.byte	0x9f
 1516 005d 22000000 		.4byte	.LVL19
 1517 0061 24000000 		.4byte	.LVL20
 1518 0065 0100     		.2byte	0x1
 1519 0067 50       		.byte	0x50
 1520 0068 24000000 		.4byte	.LVL20
 1521 006c 36000000 		.4byte	.LVL24
 1522 0070 0400     		.2byte	0x4
 1523 0072 F3       		.byte	0xf3
 1524 0073 01       		.uleb128 0x1
 1525 0074 50       		.byte	0x50
 1526 0075 9F       		.byte	0x9f
 1527 0076 36000000 		.4byte	.LVL24
 1528 007a 38000000 		.4byte	.LVL25
 1529 007e 0100     		.2byte	0x1
 1530 0080 50       		.byte	0x50
 1531 0081 38000000 		.4byte	.LVL25
 1532 0085 4A000000 		.4byte	.LVL29
 1533 0089 0400     		.2byte	0x4
 1534 008b F3       		.byte	0xf3
 1535 008c 01       		.uleb128 0x1
 1536 008d 50       		.byte	0x50
 1537 008e 9F       		.byte	0x9f
 1538 008f 4A000000 		.4byte	.LVL29
 1539 0093 4C000000 		.4byte	.LVL30
 1540 0097 0100     		.2byte	0x1
 1541 0099 50       		.byte	0x50
 1542 009a 4C000000 		.4byte	.LVL30
 1543 009e 5E000000 		.4byte	.LFE66
 1544 00a2 0400     		.2byte	0x4
 1545 00a4 F3       		.byte	0xf3
 1546 00a5 01       		.uleb128 0x1
 1547 00a6 50       		.byte	0x50
 1548 00a7 9F       		.byte	0x9f
 1549 00a8 00000000 		.4byte	0
 1550 00ac 00000000 		.4byte	0
 1551              	.LLST4:
 1552 00b0 00000000 		.4byte	.LVL34
 1553 00b4 10000000 		.4byte	.LVL35
 1554 00b8 0100     		.2byte	0x1
 1555 00ba 50       		.byte	0x50
 1556 00bb 10000000 		.4byte	.LVL35
ARM GAS  C:\Users\bernw\AppData\Local\Temp\cc42BCXf.s 			page 36


 1557 00bf 16000000 		.4byte	.LVL37
 1558 00c3 0400     		.2byte	0x4
 1559 00c5 F3       		.byte	0xf3
 1560 00c6 01       		.uleb128 0x1
 1561 00c7 50       		.byte	0x50
 1562 00c8 9F       		.byte	0x9f
 1563 00c9 16000000 		.4byte	.LVL37
 1564 00cd 18000000 		.4byte	.LVL38
 1565 00d1 0100     		.2byte	0x1
 1566 00d3 50       		.byte	0x50
 1567 00d4 18000000 		.4byte	.LVL38
 1568 00d8 1E000000 		.4byte	.LVL40
 1569 00dc 0400     		.2byte	0x4
 1570 00de F3       		.byte	0xf3
 1571 00df 01       		.uleb128 0x1
 1572 00e0 50       		.byte	0x50
 1573 00e1 9F       		.byte	0x9f
 1574 00e2 1E000000 		.4byte	.LVL40
 1575 00e6 20000000 		.4byte	.LVL41
 1576 00ea 0100     		.2byte	0x1
 1577 00ec 50       		.byte	0x50
 1578 00ed 20000000 		.4byte	.LVL41
 1579 00f1 26000000 		.4byte	.LVL43
 1580 00f5 0400     		.2byte	0x4
 1581 00f7 F3       		.byte	0xf3
 1582 00f8 01       		.uleb128 0x1
 1583 00f9 50       		.byte	0x50
 1584 00fa 9F       		.byte	0x9f
 1585 00fb 26000000 		.4byte	.LVL43
 1586 00ff 28000000 		.4byte	.LVL44
 1587 0103 0100     		.2byte	0x1
 1588 0105 50       		.byte	0x50
 1589 0106 28000000 		.4byte	.LVL44
 1590 010a 2E000000 		.4byte	.LFE67
 1591 010e 0400     		.2byte	0x4
 1592 0110 F3       		.byte	0xf3
 1593 0111 01       		.uleb128 0x1
 1594 0112 50       		.byte	0x50
 1595 0113 9F       		.byte	0x9f
 1596 0114 00000000 		.4byte	0
 1597 0118 00000000 		.4byte	0
 1598              	.LLST5:
 1599 011c 02000000 		.4byte	.LVL52
 1600 0120 0C000000 		.4byte	.LVL54
 1601 0124 0200     		.2byte	0x2
 1602 0126 30       		.byte	0x30
 1603 0127 9F       		.byte	0x9f
 1604 0128 0C000000 		.4byte	.LVL54
 1605 012c 38000000 		.4byte	.LVL62
 1606 0130 0100     		.2byte	0x1
 1607 0132 55       		.byte	0x55
 1608 0133 38000000 		.4byte	.LVL62
 1609 0137 3C000000 		.4byte	.LVL63
 1610 013b 0100     		.2byte	0x1
 1611 013d 54       		.byte	0x54
 1612 013e 3C000000 		.4byte	.LVL63
 1613 0142 46000000 		.4byte	.LFE72
ARM GAS  C:\Users\bernw\AppData\Local\Temp\cc42BCXf.s 			page 37


 1614 0146 0100     		.2byte	0x1
 1615 0148 55       		.byte	0x55
 1616 0149 00000000 		.4byte	0
 1617 014d 00000000 		.4byte	0
 1618              	.LLST6:
 1619 0151 02000000 		.4byte	.LVL52
 1620 0155 0C000000 		.4byte	.LVL54
 1621 0159 0200     		.2byte	0x2
 1622 015b 30       		.byte	0x30
 1623 015c 9F       		.byte	0x9f
 1624 015d 12000000 		.4byte	.LVL56
 1625 0161 19000000 		.4byte	.LVL57-1
 1626 0165 0100     		.2byte	0x1
 1627 0167 50       		.byte	0x50
 1628 0168 3C000000 		.4byte	.LVL63
 1629 016c 40000000 		.4byte	.LVL64
 1630 0170 0100     		.2byte	0x1
 1631 0172 50       		.byte	0x50
 1632 0173 00000000 		.4byte	0
 1633 0177 00000000 		.4byte	0
 1634              	.LLST7:
 1635 017b 02000000 		.4byte	.LVL52
 1636 017f 0C000000 		.4byte	.LVL54
 1637 0183 0200     		.2byte	0x2
 1638 0185 30       		.byte	0x30
 1639 0186 9F       		.byte	0x9f
 1640 0187 0C000000 		.4byte	.LVL54
 1641 018b 28000000 		.4byte	.LVL58
 1642 018f 0100     		.2byte	0x1
 1643 0191 56       		.byte	0x56
 1644 0192 28000000 		.4byte	.LVL58
 1645 0196 2C000000 		.4byte	.LVL59
 1646 019a 0200     		.2byte	0x2
 1647 019c 32       		.byte	0x32
 1648 019d 9F       		.byte	0x9f
 1649 019e 2C000000 		.4byte	.LVL59
 1650 01a2 30000000 		.4byte	.LVL60
 1651 01a6 0200     		.2byte	0x2
 1652 01a8 33       		.byte	0x33
 1653 01a9 9F       		.byte	0x9f
 1654 01aa 30000000 		.4byte	.LVL60
 1655 01ae 46000000 		.4byte	.LFE72
 1656 01b2 0100     		.2byte	0x1
 1657 01b4 56       		.byte	0x56
 1658 01b5 00000000 		.4byte	0
 1659 01b9 00000000 		.4byte	0
 1660              		.section	.debug_aranges,"",%progbits
 1661 0000 64000000 		.4byte	0x64
 1662 0004 0200     		.2byte	0x2
 1663 0006 00000000 		.4byte	.Ldebug_info0
 1664 000a 04       		.byte	0x4
 1665 000b 00       		.byte	0
 1666 000c 0000     		.2byte	0
 1667 000e 0000     		.2byte	0
 1668 0010 00000000 		.4byte	.LFB63
 1669 0014 12000000 		.4byte	.LFE63-.LFB63
 1670 0018 00000000 		.4byte	.LFB64
ARM GAS  C:\Users\bernw\AppData\Local\Temp\cc42BCXf.s 			page 38


 1671 001c 28000000 		.4byte	.LFE64-.LFB64
 1672 0020 00000000 		.4byte	.LFB65
 1673 0024 50000000 		.4byte	.LFE65-.LFB65
 1674 0028 00000000 		.4byte	.LFB66
 1675 002c 5E000000 		.4byte	.LFE66-.LFB66
 1676 0030 00000000 		.4byte	.LFB67
 1677 0034 2E000000 		.4byte	.LFE67-.LFB67
 1678 0038 00000000 		.4byte	.LFB68
 1679 003c 0C000000 		.4byte	.LFE68-.LFB68
 1680 0040 00000000 		.4byte	.LFB69
 1681 0044 02000000 		.4byte	.LFE69-.LFB69
 1682 0048 00000000 		.4byte	.LFB70
 1683 004c 0C000000 		.4byte	.LFE70-.LFB70
 1684 0050 00000000 		.4byte	.LFB71
 1685 0054 0C000000 		.4byte	.LFE71-.LFB71
 1686 0058 00000000 		.4byte	.LFB72
 1687 005c 46000000 		.4byte	.LFE72-.LFB72
 1688 0060 00000000 		.4byte	0
 1689 0064 00000000 		.4byte	0
 1690              		.section	.debug_ranges,"",%progbits
 1691              	.Ldebug_ranges0:
 1692 0000 00000000 		.4byte	.LFB63
 1693 0004 12000000 		.4byte	.LFE63
 1694 0008 00000000 		.4byte	.LFB64
 1695 000c 28000000 		.4byte	.LFE64
 1696 0010 00000000 		.4byte	.LFB65
 1697 0014 50000000 		.4byte	.LFE65
 1698 0018 00000000 		.4byte	.LFB66
 1699 001c 5E000000 		.4byte	.LFE66
 1700 0020 00000000 		.4byte	.LFB67
 1701 0024 2E000000 		.4byte	.LFE67
 1702 0028 00000000 		.4byte	.LFB68
 1703 002c 0C000000 		.4byte	.LFE68
 1704 0030 00000000 		.4byte	.LFB69
 1705 0034 02000000 		.4byte	.LFE69
 1706 0038 00000000 		.4byte	.LFB70
 1707 003c 0C000000 		.4byte	.LFE70
 1708 0040 00000000 		.4byte	.LFB71
 1709 0044 0C000000 		.4byte	.LFE71
 1710 0048 00000000 		.4byte	.LFB72
 1711 004c 46000000 		.4byte	.LFE72
 1712 0050 00000000 		.4byte	0
 1713 0054 00000000 		.4byte	0
 1714              		.section	.debug_line,"",%progbits
 1715              	.Ldebug_line0:
 1716 0000 8F020000 		.section	.debug_str,"MS",%progbits,1
 1716      02009201 
 1716      00000201 
 1716      FB0E0D00 
 1716      01010101 
 1717              	.LASF6:
 1718 0000 6C6F6E67 		.ascii	"long long int\000"
 1718      206C6F6E 
 1718      6720696E 
 1718      7400
 1719              	.LASF45:
 1720 000e 4C45445F 		.ascii	"LED_2_Write\000"
ARM GAS  C:\Users\bernw\AppData\Local\Temp\cc42BCXf.s 			page 39


 1720      325F5772 
 1720      69746500 
 1721              	.LASF27:
 1722 001a 72656164 		.ascii	"readBatteryVoltage\000"
 1722      42617474 
 1722      65727956 
 1722      6F6C7461 
 1722      676500
 1723              	.LASF25:
 1724 002d 4C455645 		.ascii	"LEVEL_LOW\000"
 1724      4C5F4C4F 
 1724      5700
 1725              	.LASF22:
 1726 0037 4C455645 		.ascii	"LEVEL_UNKNOWN\000"
 1726      4C5F554E 
 1726      4B4E4F57 
 1726      4E00
 1727              	.LASF37:
 1728 0045 696E6974 		.ascii	"initChargerStateIndicator\000"
 1728      43686172 
 1728      67657253 
 1728      74617465 
 1728      496E6469 
 1729              	.LASF9:
 1730 005f 5F5F696E 		.ascii	"__int32_t\000"
 1730      7433325F 
 1730      7400
 1731              	.LASF21:
 1732 0069 42415454 		.ascii	"BATT_LEVELS\000"
 1732      5F4C4556 
 1732      454C5300 
 1733              	.LASF20:
 1734 0075 43484152 		.ascii	"CHARGE_STATES\000"
 1734      47455F53 
 1734      54415445 
 1734      5300
 1735              	.LASF3:
 1736 0083 73686F72 		.ascii	"short unsigned int\000"
 1736      7420756E 
 1736      7369676E 
 1736      65642069 
 1736      6E7400
 1737              	.LASF47:
 1738 0096 50574D5F 		.ascii	"PWM_1_WriteCompare\000"
 1738      315F5772 
 1738      69746543 
 1738      6F6D7061 
 1738      726500
 1739              	.LASF35:
 1740 00a9 73746174 		.ascii	"state\000"
 1740      6500
 1741              	.LASF41:
 1742 00af 63686172 		.ascii	"charger_state\000"
 1742      6765725F 
 1742      73746174 
 1742      6500
 1743              	.LASF11:
ARM GAS  C:\Users\bernw\AppData\Local\Temp\cc42BCXf.s 			page 40


 1744 00bd 666C6F61 		.ascii	"float\000"
 1744      7400
 1745              	.LASF42:
 1746 00c3 4144435F 		.ascii	"ADC_SAR_1_IsEndConversion\000"
 1746      5341525F 
 1746      315F4973 
 1746      456E6443 
 1746      6F6E7665 
 1747              	.LASF1:
 1748 00dd 756E7369 		.ascii	"unsigned char\000"
 1748      676E6564 
 1748      20636861 
 1748      7200
 1749              	.LASF53:
 1750 00eb 474E5520 		.ascii	"GNU C11 5.4.1 20160609 (release) [ARM/embedded-5-br"
 1750      43313120 
 1750      352E342E 
 1750      31203230 
 1750      31363036 
 1751 011e 616E6368 		.ascii	"anch revision 237715] -mcpu=cortex-m3 -mthumb -g -O"
 1751      20726576 
 1751      6973696F 
 1751      6E203233 
 1751      37373135 
 1752 0151 67202D66 		.ascii	"g -ffunction-sections -ffat-lto-objects\000"
 1752      66756E63 
 1752      74696F6E 
 1752      2D736563 
 1752      74696F6E 
 1753              	.LASF51:
 1754 0179 436C6F63 		.ascii	"Clock_1_Start\000"
 1754      6B5F315F 
 1754      53746172 
 1754      7400
 1755              	.LASF17:
 1756 0187 46415354 		.ascii	"FAST_CHARGE\000"
 1756      5F434841 
 1756      52474500 
 1757              	.LASF5:
 1758 0193 6C6F6E67 		.ascii	"long unsigned int\000"
 1758      20756E73 
 1758      69676E65 
 1758      6420696E 
 1758      7400
 1759              	.LASF49:
 1760 01a5 4144435F 		.ascii	"ADC_SAR_1_StartConvert\000"
 1760      5341525F 
 1760      315F5374 
 1760      61727443 
 1760      6F6E7665 
 1761              	.LASF30:
 1762 01bc 766F6C74 		.ascii	"voltage\000"
 1762      61676500 
 1763              	.LASF58:
 1764 01c4 49544D5F 		.ascii	"ITM_RxBuffer\000"
 1764      52784275 
 1764      66666572 
ARM GAS  C:\Users\bernw\AppData\Local\Temp\cc42BCXf.s 			page 41


 1764      00
 1765              	.LASF33:
 1766 01d1 73657442 		.ascii	"setBatteryIndicator\000"
 1766      61747465 
 1766      7279496E 
 1766      64696361 
 1766      746F7200 
 1767              	.LASF18:
 1768 01e5 52454755 		.ascii	"REGULAR_CHARGE\000"
 1768      4C41525F 
 1768      43484152 
 1768      474500
 1769              	.LASF19:
 1770 01f4 4E4F5F43 		.ascii	"NO_CHARGE\000"
 1770      48415247 
 1770      4500
 1771              	.LASF12:
 1772 01fe 646F7562 		.ascii	"double\000"
 1772      6C6500
 1773              	.LASF57:
 1774 0205 6D61696E 		.ascii	"main\000"
 1774      00
 1775              	.LASF44:
 1776 020a 4C45445F 		.ascii	"LED_1_Write\000"
 1776      315F5772 
 1776      69746500 
 1777              	.LASF56:
 1778 0216 696E6974 		.ascii	"initBatteryLevelIndicator\000"
 1778      42617474 
 1778      6572794C 
 1778      6576656C 
 1778      496E6469 
 1779              	.LASF8:
 1780 0230 756E7369 		.ascii	"unsigned int\000"
 1780      676E6564 
 1780      20696E74 
 1780      00
 1781              	.LASF29:
 1782 023d 725F7661 		.ascii	"r_value\000"
 1782      6C756500 
 1783              	.LASF28:
 1784 0245 72657369 		.ascii	"resistorValue\000"
 1784      73746F72 
 1784      56616C75 
 1784      6500
 1785              	.LASF7:
 1786 0253 6C6F6E67 		.ascii	"long long unsigned int\000"
 1786      206C6F6E 
 1786      6720756E 
 1786      7369676E 
 1786      65642069 
 1787              	.LASF34:
 1788 026a 73657443 		.ascii	"setChargerIndicator\000"
 1788      68617267 
 1788      6572496E 
 1788      64696361 
 1788      746F7200 
ARM GAS  C:\Users\bernw\AppData\Local\Temp\cc42BCXf.s 			page 42


 1789              	.LASF31:
 1790 027e 72656164 		.ascii	"readBatteryLevel\000"
 1790      42617474 
 1790      6572794C 
 1790      6576656C 
 1790      00
 1791              	.LASF26:
 1792 028f 72656164 		.ascii	"readResistorValue\000"
 1792      52657369 
 1792      73746F72 
 1792      56616C75 
 1792      6500
 1793              	.LASF55:
 1794 02a1 433A5C55 		.ascii	"C:\\Users\\bernw\\Documents\\PSoC Creator\\practise"
 1794      73657273 
 1794      5C626572 
 1794      6E775C44 
 1794      6F63756D 
 1795 02cf 4578616D 		.ascii	"ExameV2\\practiseExameV2.cydsn\000"
 1795      6556325C 
 1795      70726163 
 1795      74697365 
 1795      4578616D 
 1796              	.LASF10:
 1797 02ed 696E7433 		.ascii	"int32_t\000"
 1797      325F7400 
 1798              	.LASF15:
 1799 02f5 73697A65 		.ascii	"sizetype\000"
 1799      74797065 
 1799      00
 1800              	.LASF39:
 1801 02fe 6C617374 		.ascii	"last_battery_level\000"
 1801      5F626174 
 1801      74657279 
 1801      5F6C6576 
 1801      656C00
 1802              	.LASF43:
 1803 0311 4144435F 		.ascii	"ADC_SAR_1_GetResult16\000"
 1803      5341525F 
 1803      315F4765 
 1803      74526573 
 1803      756C7431 
 1804              	.LASF32:
 1805 0327 6C657665 		.ascii	"level\000"
 1805      6C00
 1806              	.LASF54:
 1807 032d 6D61696E 		.ascii	"main.c\000"
 1807      2E6300
 1808              	.LASF13:
 1809 0334 63686172 		.ascii	"char\000"
 1809      00
 1810              	.LASF38:
 1811 0339 62617474 		.ascii	"batteryChargerInit\000"
 1811      65727943 
 1811      68617267 
 1811      6572496E 
 1811      697400
ARM GAS  C:\Users\bernw\AppData\Local\Temp\cc42BCXf.s 			page 43


 1812              	.LASF36:
 1813 034c 696E6974 		.ascii	"initBatterySensor\000"
 1813      42617474 
 1813      65727953 
 1813      656E736F 
 1813      7200
 1814              	.LASF24:
 1815 035e 4C455645 		.ascii	"LEVEL_MEDIUM\000"
 1815      4C5F4D45 
 1815      4449554D 
 1815      00
 1816              	.LASF40:
 1817 036b 6375725F 		.ascii	"cur_battery_level\000"
 1817      62617474 
 1817      6572795F 
 1817      6C657665 
 1817      6C00
 1818              	.LASF2:
 1819 037d 73686F72 		.ascii	"short int\000"
 1819      7420696E 
 1819      7400
 1820              	.LASF23:
 1821 0387 4C455645 		.ascii	"LEVEL_FULL\000"
 1821      4C5F4655 
 1821      4C4C00
 1822              	.LASF4:
 1823 0392 6C6F6E67 		.ascii	"long int\000"
 1823      20696E74 
 1823      00
 1824              	.LASF14:
 1825 039b 6C6F6E67 		.ascii	"long double\000"
 1825      20646F75 
 1825      626C6500 
 1826              	.LASF0:
 1827 03a7 7369676E 		.ascii	"signed char\000"
 1827      65642063 
 1827      68617200 
 1828              	.LASF48:
 1829 03b3 4144435F 		.ascii	"ADC_SAR_1_Start\000"
 1829      5341525F 
 1829      315F5374 
 1829      61727400 
 1830              	.LASF46:
 1831 03c3 4C45445F 		.ascii	"LED_3_Write\000"
 1831      335F5772 
 1831      69746500 
 1832              	.LASF52:
 1833 03cf 43794465 		.ascii	"CyDelay\000"
 1833      6C617900 
 1834              	.LASF16:
 1835 03d7 554E4B4F 		.ascii	"UNKOWN_CHARGE\000"
 1835      574E5F43 
 1835      48415247 
 1835      4500
 1836              	.LASF50:
 1837 03e5 50574D5F 		.ascii	"PWM_1_Start\000"
 1837      315F5374 
ARM GAS  C:\Users\bernw\AppData\Local\Temp\cc42BCXf.s 			page 44


 1837      61727400 
 1838              		.ident	"GCC: (GNU Tools for ARM Embedded Processors) 5.4.1 20160609 (release) [ARM/embedded-5-bran
